SF:/modernize-data/studio-data/TNT1001/APP2460/transformed-code/706/studio-workspace/ASPNETWebFormsproject2302/src/Films.Infrastructure/Repositories/ActorRepository.cs
FN:16,System.Void Films.Infrastructure.Repositories.ActorRepository::.ctor(Films.Infrastructure.Data.FilmsDbContext,Microsoft.Extensions.Logging.ILogger`1<Films.Infrastructure.Repositories.ActorRepository>)
FNDA:17,System.Void Films.Infrastructure.Repositories.ActorRepository::.ctor(Films.Infrastructure.Data.FilmsDbContext,Microsoft.Extensions.Logging.ILogger`1<Films.Infrastructure.Repositories.ActorRepository>)
DA:17,17
DA:18,17
DA:19,17
DA:20,17
DA:21,17
BRDA:19,11,0,0
BRDA:19,11,1,17
BRDA:20,33,0,0
BRDA:20,33,1,17
FN:58,System.Void Films.Infrastructure.Repositories.ActorRepository/<AddAsync>d__5::MoveNext()
FNDA:1,System.Void Films.Infrastructure.Repositories.ActorRepository/<AddAsync>d__5::MoveNext()
DA:59,1
DA:61,1
DA:62,1
DA:63,1
DA:64,1
DA:66,0
DA:67,0
DA:68,0
DA:69,0
DA:71,1
FN:87,System.Void Films.Infrastructure.Repositories.ActorRepository/<DeleteAsync>d__7::MoveNext()
FNDA:2,System.Void Films.Infrastructure.Repositories.ActorRepository/<DeleteAsync>d__7::MoveNext()
DA:88,2
DA:90,2
DA:91,2
DA:92,2
DA:93,1
DA:94,1
DA:95,1
DA:96,1
DA:97,1
DA:98,2
DA:99,0
DA:100,0
DA:101,0
DA:102,0
DA:104,2
BRDA:92,213,0,1
BRDA:92,213,1,2
FN:106,System.Void Films.Infrastructure.Repositories.ActorRepository/<ExistsAsync>d__8::MoveNext()
FNDA:3,System.Void Films.Infrastructure.Repositories.ActorRepository/<ExistsAsync>d__8::MoveNext()
DA:107,3
DA:109,3
DA:110,3
DA:111,3
DA:113,0
DA:114,0
DA:115,0
DA:116,0
DA:118,3
FN:23,System.Void Films.Infrastructure.Repositories.ActorRepository/<GetAllAsync>d__3::MoveNext()
FNDA:3,System.Void Films.Infrastructure.Repositories.ActorRepository/<GetAllAsync>d__3::MoveNext()
DA:24,3
DA:26,3
DA:27,3
DA:28,3
DA:29,3
DA:30,3
DA:31,3
DA:32,3
DA:33,3
DA:35,1
DA:36,1
DA:37,1
DA:38,1
DA:40,2
FN:42,System.Void Films.Infrastructure.Repositories.ActorRepository/<GetByIdAsync>d__4::MoveNext()
FNDA:3,System.Void Films.Infrastructure.Repositories.ActorRepository/<GetByIdAsync>d__4::MoveNext()
DA:43,3
DA:45,3
DA:46,3
DA:47,3
DA:48,3
DA:49,3
DA:51,0
DA:52,0
DA:53,0
DA:54,0
DA:56,3
FN:120,System.Void Films.Infrastructure.Repositories.ActorRepository/<SearchAsync>d__9::MoveNext()
FNDA:4,System.Void Films.Infrastructure.Repositories.ActorRepository/<SearchAsync>d__9::MoveNext()
DA:121,4
DA:123,4
DA:124,4
DA:125,4
DA:126,4
DA:127,4
DA:128,4
DA:129,4
DA:130,4
DA:132,0
DA:133,0
DA:134,0
DA:135,0
DA:137,4
FN:73,System.Void Films.Infrastructure.Repositories.ActorRepository/<UpdateAsync>d__6::MoveNext()
FNDA:1,System.Void Films.Infrastructure.Repositories.ActorRepository/<UpdateAsync>d__6::MoveNext()
DA:74,1
DA:76,1
DA:77,1
DA:78,1
DA:79,1
DA:80,0
DA:81,0
DA:82,0
DA:83,0
DA:85,1
LF:88
LH:64
BRF:6
BRH:4
FNF:8
FNH:8
end_of_record
SF:/modernize-data/studio-data/TNT1001/APP2460/transformed-code/706/studio-workspace/ASPNETWebFormsproject2302/src/Films.Infrastructure/Repositories/DirectedByRepository.cs
FN:16,System.Void Films.Infrastructure.Repositories.DirectedByRepository::.ctor(Films.Infrastructure.Data.FilmsDbContext,Microsoft.Extensions.Logging.ILogger`1<Films.Infrastructure.Repositories.DirectedByRepository>)
FNDA:17,System.Void Films.Infrastructure.Repositories.DirectedByRepository::.ctor(Films.Infrastructure.Data.FilmsDbContext,Microsoft.Extensions.Logging.ILogger`1<Films.Infrastructure.Repositories.DirectedByRepository>)
DA:17,17
DA:18,17
DA:19,17
DA:20,17
DA:21,17
BRDA:19,11,0,0
BRDA:19,11,1,17
BRDA:20,33,0,0
BRDA:20,33,1,17
FN:58,System.Void Films.Infrastructure.Repositories.DirectedByRepository/<AddAsync>d__5::MoveNext()
FNDA:1,System.Void Films.Infrastructure.Repositories.DirectedByRepository/<AddAsync>d__5::MoveNext()
DA:59,1
DA:61,1
DA:62,1
DA:63,1
DA:64,1
DA:66,0
DA:67,0
DA:68,0
DA:69,0
DA:71,1
FN:87,System.Void Films.Infrastructure.Repositories.DirectedByRepository/<DeleteAsync>d__7::MoveNext()
FNDA:2,System.Void Films.Infrastructure.Repositories.DirectedByRepository/<DeleteAsync>d__7::MoveNext()
DA:88,2
DA:90,2
DA:91,2
DA:92,2
DA:93,1
DA:94,1
DA:95,1
DA:96,1
DA:97,1
DA:98,2
DA:99,0
DA:100,0
DA:101,0
DA:102,0
DA:104,2
BRDA:92,213,0,1
BRDA:92,213,1,2
FN:106,System.Void Films.Infrastructure.Repositories.DirectedByRepository/<ExistsAsync>d__8::MoveNext()
FNDA:3,System.Void Films.Infrastructure.Repositories.DirectedByRepository/<ExistsAsync>d__8::MoveNext()
DA:107,3
DA:109,3
DA:110,3
DA:111,3
DA:113,0
DA:114,0
DA:115,0
DA:116,0
DA:118,3
FN:23,System.Void Films.Infrastructure.Repositories.DirectedByRepository/<GetAllAsync>d__3::MoveNext()
FNDA:3,System.Void Films.Infrastructure.Repositories.DirectedByRepository/<GetAllAsync>d__3::MoveNext()
DA:24,3
DA:26,3
DA:27,3
DA:28,3
DA:29,3
DA:30,3
DA:31,3
DA:32,3
DA:33,3
DA:35,1
DA:36,1
DA:37,1
DA:38,1
DA:40,2
FN:42,System.Void Films.Infrastructure.Repositories.DirectedByRepository/<GetByIdAsync>d__4::MoveNext()
FNDA:3,System.Void Films.Infrastructure.Repositories.DirectedByRepository/<GetByIdAsync>d__4::MoveNext()
DA:43,3
DA:45,3
DA:46,3
DA:47,3
DA:48,3
DA:49,3
DA:51,0
DA:52,0
DA:53,0
DA:54,0
DA:56,3
FN:120,System.Void Films.Infrastructure.Repositories.DirectedByRepository/<SearchAsync>d__9::MoveNext()
FNDA:4,System.Void Films.Infrastructure.Repositories.DirectedByRepository/<SearchAsync>d__9::MoveNext()
DA:121,4
DA:123,4
DA:124,4
DA:125,4
DA:126,4
DA:127,4
DA:128,4
DA:129,4
DA:130,4
DA:132,0
DA:133,0
DA:134,0
DA:135,0
DA:137,4
FN:73,System.Void Films.Infrastructure.Repositories.DirectedByRepository/<UpdateAsync>d__6::MoveNext()
FNDA:1,System.Void Films.Infrastructure.Repositories.DirectedByRepository/<UpdateAsync>d__6::MoveNext()
DA:74,1
DA:76,1
DA:77,1
DA:78,1
DA:79,1
DA:80,0
DA:81,0
DA:82,0
DA:83,0
DA:85,1
LF:88
LH:64
BRF:6
BRH:4
FNF:8
FNH:8
end_of_record
SF:/modernize-data/studio-data/TNT1001/APP2460/transformed-code/706/studio-workspace/ASPNETWebFormsproject2302/src/Films.Infrastructure/Repositories/FilmRepository.cs
FN:16,System.Void Films.Infrastructure.Repositories.FilmRepository::.ctor(Films.Infrastructure.Data.FilmsDbContext,Microsoft.Extensions.Logging.ILogger`1<Films.Infrastructure.Repositories.FilmRepository>)
FNDA:14,System.Void Films.Infrastructure.Repositories.FilmRepository::.ctor(Films.Infrastructure.Data.FilmsDbContext,Microsoft.Extensions.Logging.ILogger`1<Films.Infrastructure.Repositories.FilmRepository>)
DA:17,14
DA:18,14
DA:19,14
DA:20,14
DA:21,14
BRDA:19,11,0,0
BRDA:19,11,1,14
BRDA:20,33,0,0
BRDA:20,33,1,14
FN:55,System.Void Films.Infrastructure.Repositories.FilmRepository/<AddAsync>d__5::MoveNext()
FNDA:1,System.Void Films.Infrastructure.Repositories.FilmRepository/<AddAsync>d__5::MoveNext()
DA:56,1
DA:58,1
DA:59,1
DA:60,1
DA:61,1
DA:63,0
DA:64,0
DA:65,0
DA:66,0
DA:68,1
FN:84,System.Void Films.Infrastructure.Repositories.FilmRepository/<DeleteAsync>d__7::MoveNext()
FNDA:2,System.Void Films.Infrastructure.Repositories.FilmRepository/<DeleteAsync>d__7::MoveNext()
DA:85,2
DA:87,2
DA:88,2
DA:89,2
DA:90,1
DA:91,1
DA:92,1
DA:93,1
DA:94,1
DA:95,2
DA:96,0
DA:97,0
DA:98,0
DA:99,0
DA:101,2
BRDA:89,213,0,1
BRDA:89,213,1,2
FN:103,System.Void Films.Infrastructure.Repositories.FilmRepository/<ExistsAsync>d__8::MoveNext()
FNDA:3,System.Void Films.Infrastructure.Repositories.FilmRepository/<ExistsAsync>d__8::MoveNext()
DA:104,3
DA:106,3
DA:107,3
DA:108,3
DA:110,0
DA:111,0
DA:112,0
DA:113,0
DA:115,3
FN:23,System.Void Films.Infrastructure.Repositories.FilmRepository/<GetAllAsync>d__3::MoveNext()
FNDA:2,System.Void Films.Infrastructure.Repositories.FilmRepository/<GetAllAsync>d__3::MoveNext()
DA:24,2
DA:26,2
DA:27,2
DA:28,2
DA:29,2
DA:30,2
DA:31,2
DA:33,1
DA:34,1
DA:35,1
DA:36,1
DA:38,1
FN:40,System.Void Films.Infrastructure.Repositories.FilmRepository/<GetByIdAsync>d__4::MoveNext()
FNDA:3,System.Void Films.Infrastructure.Repositories.FilmRepository/<GetByIdAsync>d__4::MoveNext()
DA:41,3
DA:43,3
DA:44,3
DA:45,3
DA:46,3
DA:48,0
DA:49,0
DA:50,0
DA:51,0
DA:53,3
FN:117,System.Void Films.Infrastructure.Repositories.FilmRepository/<SearchAsync>d__9::MoveNext()
FNDA:4,System.Void Films.Infrastructure.Repositories.FilmRepository/<SearchAsync>d__9::MoveNext()
DA:118,4
DA:120,4
DA:121,4
DA:122,4
DA:123,4
DA:124,4
DA:125,4
DA:127,0
DA:128,0
DA:129,0
DA:130,0
DA:132,4
FN:70,System.Void Films.Infrastructure.Repositories.FilmRepository/<UpdateAsync>d__6::MoveNext()
FNDA:1,System.Void Films.Infrastructure.Repositories.FilmRepository/<UpdateAsync>d__6::MoveNext()
DA:71,1
DA:73,1
DA:74,1
DA:75,1
DA:76,1
DA:77,0
DA:78,0
DA:79,0
DA:80,0
DA:82,1
LF:83
LH:59
BRF:6
BRH:4
FNF:8
FNH:8
end_of_record
SF:/modernize-data/studio-data/TNT1001/APP2460/transformed-code/706/studio-workspace/ASPNETWebFormsproject2302/src/Films.Infrastructure/Extensions/ServiceCollectionExtensions.cs
FN:15,Microsoft.Extensions.DependencyInjection.IServiceCollection Films.Infrastructure.Extensions.ServiceCollectionExtensions::AddInfrastructureServices(Microsoft.Extensions.DependencyInjection.IServiceCollection,Microsoft.Extensions.Configuration.IConfiguration)
FNDA:0,Microsoft.Extensions.DependencyInjection.IServiceCollection Films.Infrastructure.Extensions.ServiceCollectionExtensions::AddInfrastructureServices(Microsoft.Extensions.DependencyInjection.IServiceCollection,Microsoft.Extensions.Configuration.IConfiguration)
DA:16,0
DA:18,0
DA:19,0
DA:22,0
DA:23,0
DA:24,0
DA:26,0
DA:27,0
LF:8
LH:0
BRF:0
BRH:0
FNF:1
FNH:0
end_of_record
SF:/modernize-data/studio-data/TNT1001/APP2460/transformed-code/706/studio-workspace/ASPNETWebFormsproject2302/src/Films.Infrastructure/Data/FilmsDbContext.cs
FN:14,Microsoft.EntityFrameworkCore.DbSet`1<Films.Domain.Entities.Film> Films.Infrastructure.Data.FilmsDbContext::get_Films()
FNDA:130,Microsoft.EntityFrameworkCore.DbSet`1<Films.Domain.Entities.Film> Films.Infrastructure.Data.FilmsDbContext::get_Films()
DA:15,130
FN:15,Microsoft.EntityFrameworkCore.DbSet`1<Films.Domain.Entities.Actor> Films.Infrastructure.Data.FilmsDbContext::get_Actors()
FNDA:134,Microsoft.EntityFrameworkCore.DbSet`1<Films.Domain.Entities.Actor> Films.Infrastructure.Data.FilmsDbContext::get_Actors()
DA:16,134
FN:16,Microsoft.EntityFrameworkCore.DbSet`1<Films.Domain.Entities.DirectedBy> Films.Infrastructure.Data.FilmsDbContext::get_DirectedBys()
FNDA:137,Microsoft.EntityFrameworkCore.DbSet`1<Films.Domain.Entities.DirectedBy> Films.Infrastructure.Data.FilmsDbContext::get_DirectedBys()
DA:17,137
FN:17,Microsoft.EntityFrameworkCore.DbSet`1<Films.Domain.Entities.Sex> Films.Infrastructure.Data.FilmsDbContext::get_Sexes()
FNDA:133,Microsoft.EntityFrameworkCore.DbSet`1<Films.Domain.Entities.Sex> Films.Infrastructure.Data.FilmsDbContext::get_Sexes()
DA:18,133
FN:18,Microsoft.EntityFrameworkCore.DbSet`1<Films.Domain.Entities.User> Films.Infrastructure.Data.FilmsDbContext::get_Users()
FNDA:96,Microsoft.EntityFrameworkCore.DbSet`1<Films.Domain.Entities.User> Films.Infrastructure.Data.FilmsDbContext::get_Users()
DA:19,96
FN:19,Microsoft.EntityFrameworkCore.DbSet`1<Films.Domain.Entities.TypeUser> Films.Infrastructure.Data.FilmsDbContext::get_TypeUsers()
FNDA:96,Microsoft.EntityFrameworkCore.DbSet`1<Films.Domain.Entities.TypeUser> Films.Infrastructure.Data.FilmsDbContext::get_TypeUsers()
DA:20,96
FN:20,Microsoft.EntityFrameworkCore.DbSet`1<Films.Domain.Entities.Right> Films.Infrastructure.Data.FilmsDbContext::get_Rights()
FNDA:96,Microsoft.EntityFrameworkCore.DbSet`1<Films.Domain.Entities.Right> Films.Infrastructure.Data.FilmsDbContext::get_Rights()
DA:21,96
FN:21,Microsoft.EntityFrameworkCore.DbSet`1<Films.Domain.Entities.RefAF> Films.Infrastructure.Data.FilmsDbContext::get_RefAFs()
FNDA:96,Microsoft.EntityFrameworkCore.DbSet`1<Films.Domain.Entities.RefAF> Films.Infrastructure.Data.FilmsDbContext::get_RefAFs()
DA:22,96
FN:22,Microsoft.EntityFrameworkCore.DbSet`1<Films.Domain.Entities.RefDAF> Films.Infrastructure.Data.FilmsDbContext::get_RefDAFs()
FNDA:96,Microsoft.EntityFrameworkCore.DbSet`1<Films.Domain.Entities.RefDAF> Films.Infrastructure.Data.FilmsDbContext::get_RefDAFs()
DA:23,96
FN:23,Microsoft.EntityFrameworkCore.DbSet`1<Films.Domain.Entities.UserRight> Films.Infrastructure.Data.FilmsDbContext::get_UserRights()
FNDA:96,Microsoft.EntityFrameworkCore.DbSet`1<Films.Domain.Entities.UserRight> Films.Infrastructure.Data.FilmsDbContext::get_UserRights()
DA:24,96
FN:26,System.Void Films.Infrastructure.Data.FilmsDbContext::OnModelCreating(Microsoft.EntityFrameworkCore.ModelBuilder)
FNDA:2,System.Void Films.Infrastructure.Data.FilmsDbContext::OnModelCreating(Microsoft.EntityFrameworkCore.ModelBuilder)
DA:27,2
DA:28,2
DA:30,2
DA:31,2
FN:10,System.Void Films.Infrastructure.Data.FilmsDbContext::.ctor(Microsoft.EntityFrameworkCore.DbContextOptions`1<Films.Infrastructure.Data.FilmsDbContext>)
FNDA:96,System.Void Films.Infrastructure.Data.FilmsDbContext::.ctor(Microsoft.EntityFrameworkCore.DbContextOptions`1<Films.Infrastructure.Data.FilmsDbContext>)
DA:11,96
DA:12,96
DA:13,96
LF:17
LH:17
BRF:0
BRH:0
FNF:12
FNH:12
end_of_record
SF:/modernize-data/studio-data/TNT1001/APP2460/transformed-code/706/studio-workspace/ASPNETWebFormsproject2302/src/Films.Infrastructure/Data/Configurations/ActorConfiguration.cs
FN:12,System.Void Films.Infrastructure.Data.Configurations.ActorConfiguration::Configure(Microsoft.EntityFrameworkCore.Metadata.Builders.EntityTypeBuilder`1<Films.Domain.Entities.Actor>)
FNDA:16,System.Void Films.Infrastructure.Data.Configurations.ActorConfiguration::Configure(Microsoft.EntityFrameworkCore.Metadata.Builders.EntityTypeBuilder`1<Films.Domain.Entities.Actor>)
DA:13,16
DA:14,16
DA:16,16
DA:18,16
DA:19,16
DA:20,16
DA:22,16
DA:23,16
DA:25,16
DA:26,16
DA:28,16
DA:29,16
DA:30,16
DA:32,16
DA:33,16
DA:34,16
DA:36,16
DA:37,16
DA:39,16
DA:40,16
DA:41,16
DA:42,16
DA:44,16
DA:45,16
DA:46,16
DA:47,16
DA:48,16
LF:27
LH:27
BRF:0
BRH:0
FNF:1
FNH:1
end_of_record
SF:/modernize-data/studio-data/TNT1001/APP2460/transformed-code/706/studio-workspace/ASPNETWebFormsproject2302/src/Films.Infrastructure/Data/Configurations/FilmConfiguration.cs
FN:12,System.Void Films.Infrastructure.Data.Configurations.FilmConfiguration::Configure(Microsoft.EntityFrameworkCore.Metadata.Builders.EntityTypeBuilder`1<Films.Domain.Entities.Film>)
FNDA:15,System.Void Films.Infrastructure.Data.Configurations.FilmConfiguration::Configure(Microsoft.EntityFrameworkCore.Metadata.Builders.EntityTypeBuilder`1<Films.Domain.Entities.Film>)
DA:13,15
DA:14,15
DA:16,15
DA:18,15
DA:19,15
DA:20,15
DA:22,15
DA:23,15
DA:25,15
DA:26,15
DA:28,15
DA:29,15
DA:30,15
DA:32,15
DA:33,15
DA:34,15
DA:36,15
DA:37,15
DA:39,15
DA:40,15
DA:41,15
DA:42,15
DA:44,15
DA:45,15
DA:46,15
DA:47,15
DA:48,15
LF:27
LH:27
BRF:0
BRH:0
FNF:1
FNH:1
end_of_record
SF:/modernize-data/studio-data/TNT1001/APP2460/transformed-code/706/studio-workspace/ASPNETWebFormsproject2302/src/Films.Domain/Entities/Actor.cs
FN:7,System.Int32 Films.Domain.Entities.Actor::get_Id()
FNDA:98,System.Int32 Films.Domain.Entities.Actor::get_Id()
DA:8,98
FN:8,System.String Films.Domain.Entities.Actor::get_Name()
FNDA:187,System.String Films.Domain.Entities.Actor::get_Name()
DA:9,187
FN:9,System.String Films.Domain.Entities.Actor::get_Surname()
FNDA:91,System.String Films.Domain.Entities.Actor::get_Surname()
DA:10,91
FN:10,System.Nullable`1<System.Int32> Films.Domain.Entities.Actor::get_IdSex()
FNDA:84,System.Nullable`1<System.Int32> Films.Domain.Entities.Actor::get_IdSex()
DA:11,84
FN:11,System.DateTime Films.Domain.Entities.Actor::get_CreatedDate()
FNDA:73,System.DateTime Films.Domain.Entities.Actor::get_CreatedDate()
DA:12,73
FN:12,System.Nullable`1<System.DateTime> Films.Domain.Entities.Actor::get_ModifiedDate()
FNDA:23,System.Nullable`1<System.DateTime> Films.Domain.Entities.Actor::get_ModifiedDate()
DA:13,23
FN:13,System.Boolean Films.Domain.Entities.Actor::get_IsActive()
FNDA:170,System.Boolean Films.Domain.Entities.Actor::get_IsActive()
DA:14,170
FN:14,System.String Films.Domain.Entities.Actor::get_CreatedBy()
FNDA:148,System.String Films.Domain.Entities.Actor::get_CreatedBy()
DA:15,148
FN:15,System.String Films.Domain.Entities.Actor::get_ModifiedBy()
FNDA:12,System.String Films.Domain.Entities.Actor::get_ModifiedBy()
DA:16,12
FN:18,Films.Domain.Entities.Sex Films.Domain.Entities.Actor::get_Sex()
FNDA:31,Films.Domain.Entities.Sex Films.Domain.Entities.Actor::get_Sex()
DA:19,31
FN:19,System.Collections.Generic.ICollection`1<Films.Domain.Entities.RefAF> Films.Domain.Entities.Actor::get_RefAFs()
FNDA:92,System.Collections.Generic.ICollection`1<Films.Domain.Entities.RefAF> Films.Domain.Entities.Actor::get_RefAFs()
DA:20,92
LF:11
LH:11
BRF:0
BRH:0
FNF:11
FNH:11
end_of_record
SF:/modernize-data/studio-data/TNT1001/APP2460/transformed-code/706/studio-workspace/ASPNETWebFormsproject2302/src/Films.Domain/Entities/DirectedBy.cs
FN:7,System.Int32 Films.Domain.Entities.DirectedBy::get_Id()
FNDA:79,System.Int32 Films.Domain.Entities.DirectedBy::get_Id()
DA:8,79
FN:8,System.String Films.Domain.Entities.DirectedBy::get_Name()
FNDA:160,System.String Films.Domain.Entities.DirectedBy::get_Name()
DA:9,160
FN:9,System.String Films.Domain.Entities.DirectedBy::get_Surname()
FNDA:70,System.String Films.Domain.Entities.DirectedBy::get_Surname()
DA:10,70
FN:10,System.Nullable`1<System.Int32> Films.Domain.Entities.DirectedBy::get_IdSex()
FNDA:65,System.Nullable`1<System.Int32> Films.Domain.Entities.DirectedBy::get_IdSex()
DA:11,65
FN:11,System.DateTime Films.Domain.Entities.DirectedBy::get_CreatedDate()
FNDA:60,System.DateTime Films.Domain.Entities.DirectedBy::get_CreatedDate()
DA:12,60
FN:12,System.Nullable`1<System.DateTime> Films.Domain.Entities.DirectedBy::get_ModifiedDate()
FNDA:14,System.Nullable`1<System.DateTime> Films.Domain.Entities.DirectedBy::get_ModifiedDate()
DA:13,14
FN:13,System.Boolean Films.Domain.Entities.DirectedBy::get_IsActive()
FNDA:145,System.Boolean Films.Domain.Entities.DirectedBy::get_IsActive()
DA:14,145
FN:14,System.String Films.Domain.Entities.DirectedBy::get_CreatedBy()
FNDA:137,System.String Films.Domain.Entities.DirectedBy::get_CreatedBy()
DA:15,137
FN:15,System.String Films.Domain.Entities.DirectedBy::get_ModifiedBy()
FNDA:9,System.String Films.Domain.Entities.DirectedBy::get_ModifiedBy()
DA:16,9
FN:18,Films.Domain.Entities.Sex Films.Domain.Entities.DirectedBy::get_Sex()
FNDA:14,Films.Domain.Entities.Sex Films.Domain.Entities.DirectedBy::get_Sex()
DA:19,14
FN:19,System.Collections.Generic.ICollection`1<Films.Domain.Entities.RefDAF> Films.Domain.Entities.DirectedBy::get_RefDAFs()
FNDA:84,System.Collections.Generic.ICollection`1<Films.Domain.Entities.RefDAF> Films.Domain.Entities.DirectedBy::get_RefDAFs()
DA:20,84
LF:11
LH:11
BRF:0
BRH:0
FNF:11
FNH:11
end_of_record
SF:/modernize-data/studio-data/TNT1001/APP2460/transformed-code/706/studio-workspace/ASPNETWebFormsproject2302/src/Films.Domain/Entities/Film.cs
FN:7,System.Int32 Films.Domain.Entities.Film::get_Id()
FNDA:84,System.Int32 Films.Domain.Entities.Film::get_Id()
DA:8,84
FN:8,System.String Films.Domain.Entities.Film::get_Name()
FNDA:166,System.String Films.Domain.Entities.Film::get_Name()
DA:9,166
FN:9,System.String Films.Domain.Entities.Film::get_Description()
FNDA:76,System.String Films.Domain.Entities.Film::get_Description()
DA:10,76
FN:10,System.DateTime Films.Domain.Entities.Film::get_CreatedDate()
FNDA:62,System.DateTime Films.Domain.Entities.Film::get_CreatedDate()
DA:11,62
FN:11,System.Nullable`1<System.DateTime> Films.Domain.Entities.Film::get_ModifiedDate()
FNDA:22,System.Nullable`1<System.DateTime> Films.Domain.Entities.Film::get_ModifiedDate()
DA:12,22
FN:12,System.Boolean Films.Domain.Entities.Film::get_IsActive()
FNDA:148,System.Boolean Films.Domain.Entities.Film::get_IsActive()
DA:13,148
FN:13,System.String Films.Domain.Entities.Film::get_CreatedBy()
FNDA:127,System.String Films.Domain.Entities.Film::get_CreatedBy()
DA:14,127
FN:14,System.String Films.Domain.Entities.Film::get_ModifiedBy()
FNDA:12,System.String Films.Domain.Entities.Film::get_ModifiedBy()
DA:15,12
FN:17,System.Collections.Generic.ICollection`1<Films.Domain.Entities.RefAF> Films.Domain.Entities.Film::get_RefAFs()
FNDA:81,System.Collections.Generic.ICollection`1<Films.Domain.Entities.RefAF> Films.Domain.Entities.Film::get_RefAFs()
DA:18,81
FN:18,System.Collections.Generic.ICollection`1<Films.Domain.Entities.RefDAF> Films.Domain.Entities.Film::get_RefDAFs()
FNDA:81,System.Collections.Generic.ICollection`1<Films.Domain.Entities.RefDAF> Films.Domain.Entities.Film::get_RefDAFs()
DA:19,81
LF:10
LH:10
BRF:0
BRH:0
FNF:10
FNH:10
end_of_record
SF:/modernize-data/studio-data/TNT1001/APP2460/transformed-code/706/studio-workspace/ASPNETWebFormsproject2302/src/Films.Domain/Entities/RefAF.cs
FN:7,System.Int32 Films.Domain.Entities.RefAF::get_Id()
FNDA:3,System.Int32 Films.Domain.Entities.RefAF::get_Id()
DA:8,3
FN:8,System.Int32 Films.Domain.Entities.RefAF::get_IdActor()
FNDA:3,System.Int32 Films.Domain.Entities.RefAF::get_IdActor()
DA:9,3
FN:9,System.Int32 Films.Domain.Entities.RefAF::get_IdFilm()
FNDA:3,System.Int32 Films.Domain.Entities.RefAF::get_IdFilm()
DA:10,3
FN:10,System.DateTime Films.Domain.Entities.RefAF::get_CreatedDate()
FNDA:3,System.DateTime Films.Domain.Entities.RefAF::get_CreatedDate()
DA:11,3
FN:11,System.Nullable`1<System.DateTime> Films.Domain.Entities.RefAF::get_ModifiedDate()
FNDA:6,System.Nullable`1<System.DateTime> Films.Domain.Entities.RefAF::get_ModifiedDate()
DA:12,6
FN:12,System.Boolean Films.Domain.Entities.RefAF::get_IsActive()
FNDA:9,System.Boolean Films.Domain.Entities.RefAF::get_IsActive()
DA:13,9
FN:13,System.String Films.Domain.Entities.RefAF::get_CreatedBy()
FNDA:9,System.String Films.Domain.Entities.RefAF::get_CreatedBy()
DA:14,9
FN:14,System.String Films.Domain.Entities.RefAF::get_ModifiedBy()
FNDA:6,System.String Films.Domain.Entities.RefAF::get_ModifiedBy()
DA:15,6
FN:17,Films.Domain.Entities.Actor Films.Domain.Entities.RefAF::get_Actor()
FNDA:10,Films.Domain.Entities.Actor Films.Domain.Entities.RefAF::get_Actor()
DA:18,10
FN:18,Films.Domain.Entities.Film Films.Domain.Entities.RefAF::get_Film()
FNDA:10,Films.Domain.Entities.Film Films.Domain.Entities.RefAF::get_Film()
DA:19,10
LF:10
LH:10
BRF:0
BRH:0
FNF:10
FNH:10
end_of_record
SF:/modernize-data/studio-data/TNT1001/APP2460/transformed-code/706/studio-workspace/ASPNETWebFormsproject2302/src/Films.Domain/Entities/RefDAF.cs
FN:7,System.Int32 Films.Domain.Entities.RefDAF::get_Id()
FNDA:3,System.Int32 Films.Domain.Entities.RefDAF::get_Id()
DA:8,3
FN:8,System.Int32 Films.Domain.Entities.RefDAF::get_IdDirectedBy()
FNDA:3,System.Int32 Films.Domain.Entities.RefDAF::get_IdDirectedBy()
DA:9,3
FN:9,System.Int32 Films.Domain.Entities.RefDAF::get_IdFilm()
FNDA:3,System.Int32 Films.Domain.Entities.RefDAF::get_IdFilm()
DA:10,3
FN:10,System.DateTime Films.Domain.Entities.RefDAF::get_CreatedDate()
FNDA:3,System.DateTime Films.Domain.Entities.RefDAF::get_CreatedDate()
DA:11,3
FN:11,System.Nullable`1<System.DateTime> Films.Domain.Entities.RefDAF::get_ModifiedDate()
FNDA:6,System.Nullable`1<System.DateTime> Films.Domain.Entities.RefDAF::get_ModifiedDate()
DA:12,6
FN:12,System.Boolean Films.Domain.Entities.RefDAF::get_IsActive()
FNDA:9,System.Boolean Films.Domain.Entities.RefDAF::get_IsActive()
DA:13,9
FN:13,System.String Films.Domain.Entities.RefDAF::get_CreatedBy()
FNDA:9,System.String Films.Domain.Entities.RefDAF::get_CreatedBy()
DA:14,9
FN:14,System.String Films.Domain.Entities.RefDAF::get_ModifiedBy()
FNDA:6,System.String Films.Domain.Entities.RefDAF::get_ModifiedBy()
DA:15,6
FN:17,Films.Domain.Entities.DirectedBy Films.Domain.Entities.RefDAF::get_DirectedBy()
FNDA:10,Films.Domain.Entities.DirectedBy Films.Domain.Entities.RefDAF::get_DirectedBy()
DA:18,10
FN:18,Films.Domain.Entities.Film Films.Domain.Entities.RefDAF::get_Film()
FNDA:10,Films.Domain.Entities.Film Films.Domain.Entities.RefDAF::get_Film()
DA:19,10
LF:10
LH:10
BRF:0
BRH:0
FNF:10
FNH:10
end_of_record
SF:/modernize-data/studio-data/TNT1001/APP2460/transformed-code/706/studio-workspace/ASPNETWebFormsproject2302/src/Films.Domain/Entities/Right.cs
FN:7,System.Int32 Films.Domain.Entities.Right::get_Id()
FNDA:4,System.Int32 Films.Domain.Entities.Right::get_Id()
DA:8,4
FN:8,System.String Films.Domain.Entities.Right::get_Name()
FNDA:9,System.String Films.Domain.Entities.Right::get_Name()
DA:9,9
FN:9,System.String Films.Domain.Entities.Right::get_Description()
FNDA:6,System.String Films.Domain.Entities.Right::get_Description()
DA:10,6
FN:10,System.DateTime Films.Domain.Entities.Right::get_CreatedDate()
FNDA:3,System.DateTime Films.Domain.Entities.Right::get_CreatedDate()
DA:11,3
FN:11,System.Nullable`1<System.DateTime> Films.Domain.Entities.Right::get_ModifiedDate()
FNDA:6,System.Nullable`1<System.DateTime> Films.Domain.Entities.Right::get_ModifiedDate()
DA:12,6
FN:12,System.Boolean Films.Domain.Entities.Right::get_IsActive()
FNDA:8,System.Boolean Films.Domain.Entities.Right::get_IsActive()
DA:13,8
FN:13,System.String Films.Domain.Entities.Right::get_CreatedBy()
FNDA:8,System.String Films.Domain.Entities.Right::get_CreatedBy()
DA:14,8
FN:14,System.String Films.Domain.Entities.Right::get_ModifiedBy()
FNDA:6,System.String Films.Domain.Entities.Right::get_ModifiedBy()
DA:15,6
FN:17,System.Collections.Generic.ICollection`1<Films.Domain.Entities.UserRight> Films.Domain.Entities.Right::get_UserRights()
FNDA:11,System.Collections.Generic.ICollection`1<Films.Domain.Entities.UserRight> Films.Domain.Entities.Right::get_UserRights()
DA:18,11
LF:9
LH:9
BRF:0
BRH:0
FNF:9
FNH:9
end_of_record
SF:/modernize-data/studio-data/TNT1001/APP2460/transformed-code/706/studio-workspace/ASPNETWebFormsproject2302/src/Films.Domain/Entities/Sex.cs
FN:7,System.Int32 Films.Domain.Entities.Sex::get_Id()
FNDA:79,System.Int32 Films.Domain.Entities.Sex::get_Id()
DA:8,79
FN:8,System.String Films.Domain.Entities.Sex::get_Name()
FNDA:184,System.String Films.Domain.Entities.Sex::get_Name()
DA:9,184
FN:9,System.DateTime Films.Domain.Entities.Sex::get_CreatedDate()
FNDA:71,System.DateTime Films.Domain.Entities.Sex::get_CreatedDate()
DA:10,71
FN:10,System.Nullable`1<System.DateTime> Films.Domain.Entities.Sex::get_ModifiedDate()
FNDA:6,System.Nullable`1<System.DateTime> Films.Domain.Entities.Sex::get_ModifiedDate()
DA:11,6
FN:11,System.Boolean Films.Domain.Entities.Sex::get_IsActive()
FNDA:167,System.Boolean Films.Domain.Entities.Sex::get_IsActive()
DA:12,167
FN:12,System.String Films.Domain.Entities.Sex::get_CreatedBy()
FNDA:167,System.String Films.Domain.Entities.Sex::get_CreatedBy()
DA:13,167
FN:13,System.String Films.Domain.Entities.Sex::get_ModifiedBy()
FNDA:6,System.String Films.Domain.Entities.Sex::get_ModifiedBy()
DA:14,6
FN:16,System.Collections.Generic.ICollection`1<Films.Domain.Entities.Actor> Films.Domain.Entities.Sex::get_Actors()
FNDA:101,System.Collections.Generic.ICollection`1<Films.Domain.Entities.Actor> Films.Domain.Entities.Sex::get_Actors()
DA:17,101
FN:17,System.Collections.Generic.ICollection`1<Films.Domain.Entities.DirectedBy> Films.Domain.Entities.Sex::get_DirectedBys()
FNDA:104,System.Collections.Generic.ICollection`1<Films.Domain.Entities.DirectedBy> Films.Domain.Entities.Sex::get_DirectedBys()
DA:18,104
FN:18,System.Collections.Generic.ICollection`1<Films.Domain.Entities.User> Films.Domain.Entities.Sex::get_Users()
FNDA:101,System.Collections.Generic.ICollection`1<Films.Domain.Entities.User> Films.Domain.Entities.Sex::get_Users()
DA:19,101
LF:10
LH:10
BRF:0
BRH:0
FNF:10
FNH:10
end_of_record
SF:/modernize-data/studio-data/TNT1001/APP2460/transformed-code/706/studio-workspace/ASPNETWebFormsproject2302/src/Films.Domain/Entities/TypeUser.cs
FN:7,System.Int32 Films.Domain.Entities.TypeUser::get_Id()
FNDA:4,System.Int32 Films.Domain.Entities.TypeUser::get_Id()
DA:8,4
FN:8,System.String Films.Domain.Entities.TypeUser::get_Name()
FNDA:10,System.String Films.Domain.Entities.TypeUser::get_Name()
DA:9,10
FN:9,System.String Films.Domain.Entities.TypeUser::get_Description()
FNDA:6,System.String Films.Domain.Entities.TypeUser::get_Description()
DA:10,6
FN:10,System.DateTime Films.Domain.Entities.TypeUser::get_CreatedDate()
FNDA:3,System.DateTime Films.Domain.Entities.TypeUser::get_CreatedDate()
DA:11,3
FN:11,System.Nullable`1<System.DateTime> Films.Domain.Entities.TypeUser::get_ModifiedDate()
FNDA:6,System.Nullable`1<System.DateTime> Films.Domain.Entities.TypeUser::get_ModifiedDate()
DA:12,6
FN:12,System.Boolean Films.Domain.Entities.TypeUser::get_IsActive()
FNDA:9,System.Boolean Films.Domain.Entities.TypeUser::get_IsActive()
DA:13,9
FN:13,System.String Films.Domain.Entities.TypeUser::get_CreatedBy()
FNDA:9,System.String Films.Domain.Entities.TypeUser::get_CreatedBy()
DA:14,9
FN:14,System.String Films.Domain.Entities.TypeUser::get_ModifiedBy()
FNDA:6,System.String Films.Domain.Entities.TypeUser::get_ModifiedBy()
DA:15,6
FN:17,System.Collections.Generic.ICollection`1<Films.Domain.Entities.User> Films.Domain.Entities.TypeUser::get_Users()
FNDA:12,System.Collections.Generic.ICollection`1<Films.Domain.Entities.User> Films.Domain.Entities.TypeUser::get_Users()
DA:18,12
LF:9
LH:9
BRF:0
BRH:0
FNF:9
FNH:9
end_of_record
SF:/modernize-data/studio-data/TNT1001/APP2460/transformed-code/706/studio-workspace/ASPNETWebFormsproject2302/src/Films.Domain/Entities/User.cs
FN:7,System.Int32 Films.Domain.Entities.User::get_Id()
FNDA:4,System.Int32 Films.Domain.Entities.User::get_Id()
DA:8,4
FN:8,System.String Films.Domain.Entities.User::get_Name()
FNDA:12,System.String Films.Domain.Entities.User::get_Name()
DA:9,12
FN:9,System.String Films.Domain.Entities.User::get_Surname()
FNDA:11,System.String Films.Domain.Entities.User::get_Surname()
DA:10,11
FN:10,System.String Films.Domain.Entities.User::get_Username()
FNDA:11,System.String Films.Domain.Entities.User::get_Username()
DA:11,11
FN:11,System.String Films.Domain.Entities.User::get_Password()
FNDA:11,System.String Films.Domain.Entities.User::get_Password()
DA:12,11
FN:12,System.String Films.Domain.Entities.User::get_Email()
FNDA:6,System.String Films.Domain.Entities.User::get_Email()
DA:13,6
FN:13,System.Nullable`1<System.Int32> Films.Domain.Entities.User::get_IdSex()
FNDA:6,System.Nullable`1<System.Int32> Films.Domain.Entities.User::get_IdSex()
DA:14,6
FN:14,System.Nullable`1<System.Int32> Films.Domain.Entities.User::get_IdTypeUser()
FNDA:6,System.Nullable`1<System.Int32> Films.Domain.Entities.User::get_IdTypeUser()
DA:15,6
FN:15,System.DateTime Films.Domain.Entities.User::get_CreatedDate()
FNDA:3,System.DateTime Films.Domain.Entities.User::get_CreatedDate()
DA:16,3
FN:16,System.Nullable`1<System.DateTime> Films.Domain.Entities.User::get_ModifiedDate()
FNDA:6,System.Nullable`1<System.DateTime> Films.Domain.Entities.User::get_ModifiedDate()
DA:17,6
FN:17,System.Boolean Films.Domain.Entities.User::get_IsActive()
FNDA:10,System.Boolean Films.Domain.Entities.User::get_IsActive()
DA:18,10
FN:18,System.String Films.Domain.Entities.User::get_CreatedBy()
FNDA:11,System.String Films.Domain.Entities.User::get_CreatedBy()
DA:19,11
FN:19,System.String Films.Domain.Entities.User::get_ModifiedBy()
FNDA:6,System.String Films.Domain.Entities.User::get_ModifiedBy()
DA:20,6
FN:22,Films.Domain.Entities.Sex Films.Domain.Entities.User::get_Sex()
FNDA:6,Films.Domain.Entities.Sex Films.Domain.Entities.User::get_Sex()
DA:23,6
FN:23,Films.Domain.Entities.TypeUser Films.Domain.Entities.User::get_TypeUser()
FNDA:6,Films.Domain.Entities.TypeUser Films.Domain.Entities.User::get_TypeUser()
DA:24,6
FN:24,System.Collections.Generic.ICollection`1<Films.Domain.Entities.UserRight> Films.Domain.Entities.User::get_UserRights()
FNDA:11,System.Collections.Generic.ICollection`1<Films.Domain.Entities.UserRight> Films.Domain.Entities.User::get_UserRights()
DA:25,11
LF:16
LH:16
BRF:0
BRH:0
FNF:16
FNH:16
end_of_record
SF:/modernize-data/studio-data/TNT1001/APP2460/transformed-code/706/studio-workspace/ASPNETWebFormsproject2302/src/Films.Domain/Entities/UserRight.cs
FN:7,System.Int32 Films.Domain.Entities.UserRight::get_Id()
FNDA:3,System.Int32 Films.Domain.Entities.UserRight::get_Id()
DA:8,3
FN:8,System.Int32 Films.Domain.Entities.UserRight::get_IdUser()
FNDA:3,System.Int32 Films.Domain.Entities.UserRight::get_IdUser()
DA:9,3
FN:9,System.Int32 Films.Domain.Entities.UserRight::get_IdRight()
FNDA:3,System.Int32 Films.Domain.Entities.UserRight::get_IdRight()
DA:10,3
FN:10,System.DateTime Films.Domain.Entities.UserRight::get_CreatedDate()
FNDA:3,System.DateTime Films.Domain.Entities.UserRight::get_CreatedDate()
DA:11,3
FN:11,System.Nullable`1<System.DateTime> Films.Domain.Entities.UserRight::get_ModifiedDate()
FNDA:6,System.Nullable`1<System.DateTime> Films.Domain.Entities.UserRight::get_ModifiedDate()
DA:12,6
FN:12,System.Boolean Films.Domain.Entities.UserRight::get_IsActive()
FNDA:9,System.Boolean Films.Domain.Entities.UserRight::get_IsActive()
DA:13,9
FN:13,System.String Films.Domain.Entities.UserRight::get_CreatedBy()
FNDA:9,System.String Films.Domain.Entities.UserRight::get_CreatedBy()
DA:14,9
FN:14,System.String Films.Domain.Entities.UserRight::get_ModifiedBy()
FNDA:6,System.String Films.Domain.Entities.UserRight::get_ModifiedBy()
DA:15,6
FN:17,Films.Domain.Entities.User Films.Domain.Entities.UserRight::get_User()
FNDA:10,Films.Domain.Entities.User Films.Domain.Entities.UserRight::get_User()
DA:18,10
FN:18,Films.Domain.Entities.Right Films.Domain.Entities.UserRight::get_Right()
FNDA:10,Films.Domain.Entities.Right Films.Domain.Entities.UserRight::get_Right()
DA:19,10
LF:10
LH:10
BRF:0
BRH:0
FNF:10
FNH:10
end_of_record
SF:/modernize-data/studio-data/TNT1001/APP2460/transformed-code/706/studio-workspace/ASPNETWebFormsproject2302/src/Films.Web/Program.cs
FN:4,System.Void Program::<Main>$(System.String[])
FNDA:0,System.Void Program::<Main>$(System.String[])
DA:5,0
DA:7,0
DA:8,0
DA:9,0
DA:10,0
DA:12,0
DA:14,0
DA:15,0
DA:16,0
DA:18,0
DA:19,0
DA:21,0
DA:23,0
DA:24,0
DA:25,0
DA:26,0
DA:27,0
DA:29,0
DA:30,0
DA:31,0
DA:33,0
DA:34,0
BRDA:23,222,0,0
BRDA:23,222,1,0
LF:22
LH:0
BRF:2
BRH:0
FNF:1
FNH:0
end_of_record
SF:/modernize-data/studio-data/TNT1001/APP2460/transformed-code/706/studio-workspace/ASPNETWebFormsproject2302/src/Films.Web/Controllers/ActorsController.cs
FN:12,System.Void Films.Web.Controllers.ActorsController::.ctor(Films.Application.Interfaces.IActorService)
FNDA:9,System.Void Films.Web.Controllers.ActorsController::.ctor(Films.Application.Interfaces.IActorService)
DA:13,9
DA:14,9
DA:15,9
DA:16,9
FN:33,System.Void Films.Web.Controllers.ActorsController/<Create>d__4::MoveNext()
FNDA:1,System.Void Films.Web.Controllers.ActorsController/<Create>d__4::MoveNext()
DA:34,1
DA:35,1
DA:36,1
DA:37,1
FN:47,System.Void Films.Web.Controllers.ActorsController/<Delete>d__6::MoveNext()
FNDA:3,System.Void Films.Web.Controllers.ActorsController/<Delete>d__6::MoveNext()
DA:48,3
DA:49,3
DA:50,2
DA:51,2
FN:19,System.Void Films.Web.Controllers.ActorsController/<GetAll>d__2::MoveNext()
FNDA:1,System.Void Films.Web.Controllers.ActorsController/<GetAll>d__2::MoveNext()
DA:20,1
DA:21,1
DA:22,1
DA:23,1
FN:26,System.Void Films.Web.Controllers.ActorsController/<GetById>d__3::MoveNext()
FNDA:2,System.Void Films.Web.Controllers.ActorsController/<GetById>d__3::MoveNext()
DA:27,2
DA:28,2
DA:29,2
DA:30,2
BRDA:29,167,0,1
BRDA:29,167,1,1
FN:40,System.Void Films.Web.Controllers.ActorsController/<Update>d__5::MoveNext()
FNDA:2,System.Void Films.Web.Controllers.ActorsController/<Update>d__5::MoveNext()
DA:41,2
DA:42,2
DA:43,1
DA:44,1
LF:24
LH:24
BRF:2
BRH:2
FNF:6
FNH:6
end_of_record
SF:/modernize-data/studio-data/TNT1001/APP2460/transformed-code/706/studio-workspace/ASPNETWebFormsproject2302/src/Films.Web/Controllers/FilmsController.cs
FN:12,System.Void Films.Web.Controllers.FilmsController::.ctor(Films.Application.Interfaces.IFilmService)
FNDA:9,System.Void Films.Web.Controllers.FilmsController::.ctor(Films.Application.Interfaces.IFilmService)
DA:13,9
DA:14,9
DA:15,9
DA:16,9
FN:33,System.Void Films.Web.Controllers.FilmsController/<Create>d__4::MoveNext()
FNDA:1,System.Void Films.Web.Controllers.FilmsController/<Create>d__4::MoveNext()
DA:34,1
DA:35,1
DA:36,1
DA:37,1
FN:47,System.Void Films.Web.Controllers.FilmsController/<Delete>d__6::MoveNext()
FNDA:3,System.Void Films.Web.Controllers.FilmsController/<Delete>d__6::MoveNext()
DA:48,3
DA:49,3
DA:50,2
DA:51,2
FN:19,System.Void Films.Web.Controllers.FilmsController/<GetAll>d__2::MoveNext()
FNDA:1,System.Void Films.Web.Controllers.FilmsController/<GetAll>d__2::MoveNext()
DA:20,1
DA:21,1
DA:22,1
DA:23,1
FN:26,System.Void Films.Web.Controllers.FilmsController/<GetById>d__3::MoveNext()
FNDA:2,System.Void Films.Web.Controllers.FilmsController/<GetById>d__3::MoveNext()
DA:27,2
DA:28,2
DA:29,2
DA:30,2
BRDA:29,167,0,1
BRDA:29,167,1,1
FN:40,System.Void Films.Web.Controllers.FilmsController/<Update>d__5::MoveNext()
FNDA:2,System.Void Films.Web.Controllers.FilmsController/<Update>d__5::MoveNext()
DA:41,2
DA:42,2
DA:43,1
DA:44,1
LF:24
LH:24
BRF:2
BRH:2
FNF:6
FNH:6
end_of_record
SF:/modernize-data/studio-data/TNT1001/APP2460/transformed-code/706/studio-workspace/ASPNETWebFormsproject2302/src/Films.Application/Services/ActorService.cs
FN:15,System.Void Films.Application.Services.ActorService::.ctor(Films.Domain.Interfaces.Repositories.IActorRepository,AutoMapper.IMapper,Microsoft.Extensions.Logging.ILogger`1<Films.Application.Services.ActorService>)
FNDA:9,System.Void Films.Application.Services.ActorService::.ctor(Films.Domain.Interfaces.Repositories.IActorRepository,AutoMapper.IMapper,Microsoft.Extensions.Logging.ILogger`1<Films.Application.Services.ActorService>)
DA:16,9
DA:17,9
DA:18,9
DA:19,9
DA:20,9
DA:21,9
FN:35,System.Void Films.Application.Services.ActorService/<CreateAsync>d__6::MoveNext()
FNDA:1,System.Void Films.Application.Services.ActorService/<CreateAsync>d__6::MoveNext()
DA:36,1
DA:37,1
DA:38,1
DA:39,1
DA:40,1
DA:41,1
DA:42,1
DA:43,1
FN:58,System.Void Films.Application.Services.ActorService/<DeleteAsync>d__8::MoveNext()
FNDA:1,System.Void Films.Application.Services.ActorService/<DeleteAsync>d__8::MoveNext()
DA:59,1
DA:60,1
DA:61,1
FN:23,System.Void Films.Application.Services.ActorService/<GetAllAsync>d__4::MoveNext()
FNDA:2,System.Void Films.Application.Services.ActorService/<GetAllAsync>d__4::MoveNext()
DA:24,2
DA:25,2
DA:26,1
DA:27,1
FN:29,System.Void Films.Application.Services.ActorService/<GetByIdAsync>d__5::MoveNext()
FNDA:2,System.Void Films.Application.Services.ActorService/<GetByIdAsync>d__5::MoveNext()
DA:30,2
DA:31,2
DA:32,2
DA:33,2
BRDA:32,163,0,1
BRDA:32,163,1,1
FN:63,System.Void Films.Application.Services.ActorService/<SearchAsync>d__9::MoveNext()
FNDA:1,System.Void Films.Application.Services.ActorService/<SearchAsync>d__9::MoveNext()
DA:64,1
DA:65,1
DA:66,1
DA:67,1
FN:45,System.Void Films.Application.Services.ActorService/<UpdateAsync>d__7::MoveNext()
FNDA:2,System.Void Films.Application.Services.ActorService/<UpdateAsync>d__7::MoveNext()
DA:46,2
DA:47,2
DA:48,3
DA:49,1
DA:50,1
DA:51,1
DA:52,1
DA:53,1
DA:54,1
DA:55,1
DA:56,1
BRDA:48,179,0,1
BRDA:48,179,1,1
LF:40
LH:40
BRF:4
BRH:4
FNF:7
FNH:7
end_of_record
SF:/modernize-data/studio-data/TNT1001/APP2460/transformed-code/706/studio-workspace/ASPNETWebFormsproject2302/src/Films.Application/Services/FilmService.cs
FN:15,System.Void Films.Application.Services.FilmService::.ctor(Films.Domain.Interfaces.Repositories.IFilmRepository,AutoMapper.IMapper,Microsoft.Extensions.Logging.ILogger`1<Films.Application.Services.FilmService>)
FNDA:9,System.Void Films.Application.Services.FilmService::.ctor(Films.Domain.Interfaces.Repositories.IFilmRepository,AutoMapper.IMapper,Microsoft.Extensions.Logging.ILogger`1<Films.Application.Services.FilmService>)
DA:16,9
DA:17,9
DA:18,9
DA:19,9
DA:20,9
DA:21,9
FN:35,System.Void Films.Application.Services.FilmService/<CreateAsync>d__6::MoveNext()
FNDA:1,System.Void Films.Application.Services.FilmService/<CreateAsync>d__6::MoveNext()
DA:36,1
DA:37,1
DA:38,1
DA:39,1
DA:40,1
DA:41,1
DA:42,1
DA:43,1
FN:57,System.Void Films.Application.Services.FilmService/<DeleteAsync>d__8::MoveNext()
FNDA:1,System.Void Films.Application.Services.FilmService/<DeleteAsync>d__8::MoveNext()
DA:58,1
DA:59,1
DA:60,1
FN:23,System.Void Films.Application.Services.FilmService/<GetAllAsync>d__4::MoveNext()
FNDA:2,System.Void Films.Application.Services.FilmService/<GetAllAsync>d__4::MoveNext()
DA:24,2
DA:25,2
DA:26,1
DA:27,1
FN:29,System.Void Films.Application.Services.FilmService/<GetByIdAsync>d__5::MoveNext()
FNDA:2,System.Void Films.Application.Services.FilmService/<GetByIdAsync>d__5::MoveNext()
DA:30,2
DA:31,2
DA:32,2
DA:33,2
BRDA:32,163,0,1
BRDA:32,163,1,1
FN:62,System.Void Films.Application.Services.FilmService/<SearchAsync>d__9::MoveNext()
FNDA:1,System.Void Films.Application.Services.FilmService/<SearchAsync>d__9::MoveNext()
DA:63,1
DA:64,1
DA:65,1
DA:66,1
FN:45,System.Void Films.Application.Services.FilmService/<UpdateAsync>d__7::MoveNext()
FNDA:2,System.Void Films.Application.Services.FilmService/<UpdateAsync>d__7::MoveNext()
DA:46,2
DA:47,2
DA:48,3
DA:49,1
DA:50,1
DA:51,1
DA:52,1
DA:53,1
DA:54,1
DA:55,1
BRDA:48,179,0,1
BRDA:48,179,1,1
LF:39
LH:39
BRF:4
BRH:4
FNF:7
FNH:7
end_of_record
SF:/modernize-data/studio-data/TNT1001/APP2460/transformed-code/706/studio-workspace/ASPNETWebFormsproject2302/src/Films.Application/Mappings/MappingProfile.cs
FN:11,System.Void Films.Application.Mappings.MappingProfile::.ctor()
FNDA:26,System.Void Films.Application.Mappings.MappingProfile::.ctor()
DA:12,26
DA:13,26
DA:15,26
DA:16,26
DA:17,26
DA:18,26
DA:19,26
DA:20,26
DA:21,26
DA:22,26
DA:23,26
DA:24,52
DA:27,26
DA:28,52
DA:29,26
DA:30,26
DA:31,26
DA:32,26
DA:33,26
DA:34,26
DA:35,26
DA:36,26
DA:37,52
DA:40,26
DA:41,52
DA:42,26
LF:26
LH:26
BRF:0
BRH:0
FNF:1
FNH:1
end_of_record
SF:/modernize-data/studio-data/TNT1001/APP2460/transformed-code/706/studio-workspace/ASPNETWebFormsproject2302/src/Films.Application/Extensions/ServiceCollectionExtensions.cs
FN:10,Microsoft.Extensions.DependencyInjection.IServiceCollection Films.Application.Extensions.ServiceCollectionExtensions::AddApplicationServices(Microsoft.Extensions.DependencyInjection.IServiceCollection)
FNDA:0,Microsoft.Extensions.DependencyInjection.IServiceCollection Films.Application.Extensions.ServiceCollectionExtensions::AddApplicationServices(Microsoft.Extensions.DependencyInjection.IServiceCollection)
DA:11,0
DA:12,0
DA:13,0
DA:14,0
DA:15,0
DA:16,0
LF:6
LH:0
BRF:0
BRH:0
FNF:1
FNH:0
end_of_record
SF:/modernize-data/studio-data/TNT1001/APP2460/transformed-code/706/studio-workspace/ASPNETWebFormsproject2302/src/Films.Application/DTOs/ActorDtos.cs
FN:4,System.Int32 Films.Application.DTOs.ActorDto::get_Id()
FNDA:30,System.Int32 Films.Application.DTOs.ActorDto::get_Id()
DA:5,30
FN:5,System.String Films.Application.DTOs.ActorDto::get_Name()
FNDA:46,System.String Films.Application.DTOs.ActorDto::get_Name()
DA:6,46
FN:6,System.String Films.Application.DTOs.ActorDto::get_Surname()
FNDA:32,System.String Films.Application.DTOs.ActorDto::get_Surname()
DA:7,32
FN:7,System.Nullable`1<System.Int32> Films.Application.DTOs.ActorDto::get_IdSex()
FNDA:25,System.Nullable`1<System.Int32> Films.Application.DTOs.ActorDto::get_IdSex()
DA:8,25
FN:8,System.String Films.Application.DTOs.ActorDto::get_SexName()
FNDA:28,System.String Films.Application.DTOs.ActorDto::get_SexName()
DA:9,28
FN:9,System.DateTime Films.Application.DTOs.ActorDto::get_CreatedDate()
FNDA:16,System.DateTime Films.Application.DTOs.ActorDto::get_CreatedDate()
DA:10,16
FN:10,System.Nullable`1<System.DateTime> Films.Application.DTOs.ActorDto::get_ModifiedDate()
FNDA:18,System.Nullable`1<System.DateTime> Films.Application.DTOs.ActorDto::get_ModifiedDate()
DA:11,18
FN:11,System.Boolean Films.Application.DTOs.ActorDto::get_IsActive()
FNDA:19,System.Boolean Films.Application.DTOs.ActorDto::get_IsActive()
DA:12,19
FN:16,System.String Films.Application.DTOs.ActorCreateDto::get_Name()
FNDA:18,System.String Films.Application.DTOs.ActorCreateDto::get_Name()
DA:17,18
FN:17,System.String Films.Application.DTOs.ActorCreateDto::get_Surname()
FNDA:15,System.String Films.Application.DTOs.ActorCreateDto::get_Surname()
DA:18,15
FN:18,System.Nullable`1<System.Int32> Films.Application.DTOs.ActorCreateDto::get_IdSex()
FNDA:15,System.Nullable`1<System.Int32> Films.Application.DTOs.ActorCreateDto::get_IdSex()
DA:19,15
FN:23,System.String Films.Application.DTOs.ActorUpdateDto::get_Name()
FNDA:16,System.String Films.Application.DTOs.ActorUpdateDto::get_Name()
DA:24,16
FN:24,System.String Films.Application.DTOs.ActorUpdateDto::get_Surname()
FNDA:12,System.String Films.Application.DTOs.ActorUpdateDto::get_Surname()
DA:25,12
FN:25,System.Nullable`1<System.Int32> Films.Application.DTOs.ActorUpdateDto::get_IdSex()
FNDA:12,System.Nullable`1<System.Int32> Films.Application.DTOs.ActorUpdateDto::get_IdSex()
DA:26,12
FN:26,System.Boolean Films.Application.DTOs.ActorUpdateDto::get_IsActive()
FNDA:9,System.Boolean Films.Application.DTOs.ActorUpdateDto::get_IsActive()
DA:27,9
LF:15
LH:15
BRF:0
BRH:0
FNF:15
FNH:15
end_of_record
SF:/modernize-data/studio-data/TNT1001/APP2460/transformed-code/706/studio-workspace/ASPNETWebFormsproject2302/src/Films.Application/DTOs/FilmDtos.cs
FN:4,System.Int32 Films.Application.DTOs.FilmDto::get_Id()
FNDA:24,System.Int32 Films.Application.DTOs.FilmDto::get_Id()
DA:5,24
FN:5,System.String Films.Application.DTOs.FilmDto::get_Name()
FNDA:37,System.String Films.Application.DTOs.FilmDto::get_Name()
DA:6,37
FN:6,System.String Films.Application.DTOs.FilmDto::get_Description()
FNDA:22,System.String Films.Application.DTOs.FilmDto::get_Description()
DA:7,22
FN:7,System.DateTime Films.Application.DTOs.FilmDto::get_CreatedDate()
FNDA:12,System.DateTime Films.Application.DTOs.FilmDto::get_CreatedDate()
DA:8,12
FN:8,System.Nullable`1<System.DateTime> Films.Application.DTOs.FilmDto::get_ModifiedDate()
FNDA:14,System.Nullable`1<System.DateTime> Films.Application.DTOs.FilmDto::get_ModifiedDate()
DA:9,14
FN:9,System.Boolean Films.Application.DTOs.FilmDto::get_IsActive()
FNDA:15,System.Boolean Films.Application.DTOs.FilmDto::get_IsActive()
DA:10,15
FN:14,System.String Films.Application.DTOs.FilmCreateDto::get_Name()
FNDA:18,System.String Films.Application.DTOs.FilmCreateDto::get_Name()
DA:15,18
FN:15,System.String Films.Application.DTOs.FilmCreateDto::get_Description()
FNDA:15,System.String Films.Application.DTOs.FilmCreateDto::get_Description()
DA:16,15
FN:20,System.String Films.Application.DTOs.FilmUpdateDto::get_Name()
FNDA:16,System.String Films.Application.DTOs.FilmUpdateDto::get_Name()
DA:21,16
FN:21,System.String Films.Application.DTOs.FilmUpdateDto::get_Description()
FNDA:12,System.String Films.Application.DTOs.FilmUpdateDto::get_Description()
DA:22,12
FN:22,System.Boolean Films.Application.DTOs.FilmUpdateDto::get_IsActive()
FNDA:9,System.Boolean Films.Application.DTOs.FilmUpdateDto::get_IsActive()
DA:23,9
LF:11
LH:11
BRF:0
BRH:0
FNF:11
FNH:11
end_of_record