SF:/modernize-data/studio-data/TNT1001/APP2728/transformed-code/868/studio-workspace/ASPNETWebFormsProj0501/src/Films.Infrastructure/Repositories/ActorRepository.cs
FN:16,System.Void Films.Infrastructure.Repositories.ActorRepository::.ctor(Films.Infrastructure.Data.FilmsDbContext,Microsoft.Extensions.Logging.ILogger`1<Films.Infrastructure.Repositories.ActorRepository>)
FNDA:0,System.Void Films.Infrastructure.Repositories.ActorRepository::.ctor(Films.Infrastructure.Data.FilmsDbContext,Microsoft.Extensions.Logging.ILogger`1<Films.Infrastructure.Repositories.ActorRepository>)
DA:17,0
DA:18,0
DA:19,0
DA:20,0
DA:21,0
BRDA:19,11,0,0
BRDA:19,11,1,0
BRDA:20,33,0,0
BRDA:20,33,1,0
FN:59,System.Void Films.Infrastructure.Repositories.ActorRepository/<AddAsync>d__5::MoveNext()
FNDA:0,System.Void Films.Infrastructure.Repositories.ActorRepository/<AddAsync>d__5::MoveNext()
DA:60,0
DA:62,0
DA:63,0
DA:64,0
DA:65,0
DA:67,0
DA:68,0
DA:70,0
DA:72,0
DA:73,0
DA:74,0
DA:75,0
DA:77,0
FN:96,System.Void Films.Infrastructure.Repositories.ActorRepository/<DeleteAsync>d__7::MoveNext()
FNDA:0,System.Void Films.Infrastructure.Repositories.ActorRepository/<DeleteAsync>d__7::MoveNext()
DA:97,0
DA:99,0
DA:100,0
DA:101,0
DA:102,0
DA:103,0
DA:104,0
DA:105,0
DA:106,0
DA:107,0
DA:108,0
DA:109,0
DA:110,0
DA:111,0
DA:112,0
DA:114,0
BRDA:102,258,0,0
BRDA:102,258,1,0
FN:116,System.Void Films.Infrastructure.Repositories.ActorRepository/<ExistsAsync>d__8::MoveNext()
FNDA:0,System.Void Films.Infrastructure.Repositories.ActorRepository/<ExistsAsync>d__8::MoveNext()
DA:117,0
DA:119,0
DA:120,0
DA:121,0
DA:123,0
DA:124,0
DA:125,0
DA:126,0
DA:128,0
FN:23,System.Void Films.Infrastructure.Repositories.ActorRepository/<GetAllAsync>d__3::MoveNext()
FNDA:0,System.Void Films.Infrastructure.Repositories.ActorRepository/<GetAllAsync>d__3::MoveNext()
DA:24,0
DA:26,0
DA:27,0
DA:28,0
DA:29,0
DA:30,0
DA:31,0
DA:32,0
DA:34,0
DA:35,0
DA:36,0
DA:37,0
DA:39,0
FN:41,System.Void Films.Infrastructure.Repositories.ActorRepository/<GetByIdAsync>d__4::MoveNext()
FNDA:0,System.Void Films.Infrastructure.Repositories.ActorRepository/<GetByIdAsync>d__4::MoveNext()
DA:42,0
DA:44,0
DA:45,0
DA:46,0
DA:47,0
DA:48,0
DA:49,0
DA:50,0
DA:52,0
DA:53,0
DA:54,0
DA:55,0
DA:57,0
FN:130,System.Void Films.Infrastructure.Repositories.ActorRepository/<SearchAsync>d__9::MoveNext()
FNDA:0,System.Void Films.Infrastructure.Repositories.ActorRepository/<SearchAsync>d__9::MoveNext()
DA:131,0
DA:133,0
DA:134,0
DA:135,0
DA:136,0
DA:137,0
DA:138,0
DA:139,0
DA:140,0
DA:141,0
DA:143,0
DA:144,0
DA:145,0
DA:146,0
DA:148,0
FN:79,System.Void Films.Infrastructure.Repositories.ActorRepository/<UpdateAsync>d__6::MoveNext()
FNDA:0,System.Void Films.Infrastructure.Repositories.ActorRepository/<UpdateAsync>d__6::MoveNext()
DA:80,0
DA:82,0
DA:83,0
DA:84,0
DA:86,0
DA:87,0
DA:88,0
DA:89,0
DA:90,0
DA:91,0
DA:92,0
DA:94,0
LF:96
LH:0
BRF:6
BRH:0
FNF:8
FNH:0
end_of_record
SF:/modernize-data/studio-data/TNT1001/APP2728/transformed-code/868/studio-workspace/ASPNETWebFormsProj0501/src/Films.Infrastructure/Repositories/FilmRepository.cs
FN:16,System.Void Films.Infrastructure.Repositories.FilmRepository::.ctor(Films.Infrastructure.Data.FilmsDbContext,Microsoft.Extensions.Logging.ILogger`1<Films.Infrastructure.Repositories.FilmRepository>)
FNDA:0,System.Void Films.Infrastructure.Repositories.FilmRepository::.ctor(Films.Infrastructure.Data.FilmsDbContext,Microsoft.Extensions.Logging.ILogger`1<Films.Infrastructure.Repositories.FilmRepository>)
DA:17,0
DA:18,0
DA:19,0
DA:20,0
DA:21,0
BRDA:19,11,0,0
BRDA:19,11,1,0
BRDA:20,33,0,0
BRDA:20,33,1,0
FN:57,System.Void Films.Infrastructure.Repositories.FilmRepository/<AddAsync>d__5::MoveNext()
FNDA:0,System.Void Films.Infrastructure.Repositories.FilmRepository/<AddAsync>d__5::MoveNext()
DA:58,0
DA:60,0
DA:61,0
DA:62,0
DA:63,0
DA:65,0
DA:66,0
DA:68,0
DA:70,0
DA:71,0
DA:72,0
DA:73,0
DA:75,0
FN:94,System.Void Films.Infrastructure.Repositories.FilmRepository/<DeleteAsync>d__7::MoveNext()
FNDA:0,System.Void Films.Infrastructure.Repositories.FilmRepository/<DeleteAsync>d__7::MoveNext()
DA:95,0
DA:97,0
DA:98,0
DA:99,0
DA:100,0
DA:101,0
DA:102,0
DA:103,0
DA:104,0
DA:105,0
DA:106,0
DA:107,0
DA:108,0
DA:109,0
DA:110,0
DA:112,0
BRDA:100,258,0,0
BRDA:100,258,1,0
FN:114,System.Void Films.Infrastructure.Repositories.FilmRepository/<ExistsAsync>d__8::MoveNext()
FNDA:0,System.Void Films.Infrastructure.Repositories.FilmRepository/<ExistsAsync>d__8::MoveNext()
DA:115,0
DA:117,0
DA:118,0
DA:119,0
DA:121,0
DA:122,0
DA:123,0
DA:124,0
DA:126,0
FN:23,System.Void Films.Infrastructure.Repositories.FilmRepository/<GetAllAsync>d__3::MoveNext()
FNDA:0,System.Void Films.Infrastructure.Repositories.FilmRepository/<GetAllAsync>d__3::MoveNext()
DA:24,0
DA:26,0
DA:27,0
DA:28,0
DA:29,0
DA:30,0
DA:31,0
DA:33,0
DA:34,0
DA:35,0
DA:36,0
DA:38,0
FN:40,System.Void Films.Infrastructure.Repositories.FilmRepository/<GetByIdAsync>d__4::MoveNext()
FNDA:0,System.Void Films.Infrastructure.Repositories.FilmRepository/<GetByIdAsync>d__4::MoveNext()
DA:41,0
DA:43,0
DA:44,0
DA:45,0
DA:46,0
DA:47,0
DA:48,0
DA:50,0
DA:51,0
DA:52,0
DA:53,0
DA:55,0
FN:128,System.Void Films.Infrastructure.Repositories.FilmRepository/<SearchAsync>d__9::MoveNext()
FNDA:0,System.Void Films.Infrastructure.Repositories.FilmRepository/<SearchAsync>d__9::MoveNext()
DA:129,0
DA:131,0
DA:132,0
DA:133,0
DA:134,0
DA:135,0
DA:136,0
DA:137,0
DA:138,0
DA:140,0
DA:141,0
DA:142,0
DA:143,0
DA:145,0
FN:77,System.Void Films.Infrastructure.Repositories.FilmRepository/<UpdateAsync>d__6::MoveNext()
FNDA:0,System.Void Films.Infrastructure.Repositories.FilmRepository/<UpdateAsync>d__6::MoveNext()
DA:78,0
DA:80,0
DA:81,0
DA:82,0
DA:84,0
DA:85,0
DA:86,0
DA:87,0
DA:88,0
DA:89,0
DA:90,0
DA:92,0
LF:93
LH:0
BRF:6
BRH:0
FNF:8
FNH:0
end_of_record
SF:/modernize-data/studio-data/TNT1001/APP2728/transformed-code/868/studio-workspace/ASPNETWebFormsProj0501/src/Films.Infrastructure/Extensions/ServiceCollectionExtensions.cs
FN:15,Microsoft.Extensions.DependencyInjection.IServiceCollection Films.Infrastructure.Extensions.ServiceCollectionExtensions::AddInfrastructureServices(Microsoft.Extensions.DependencyInjection.IServiceCollection,Microsoft.Extensions.Configuration.IConfiguration)
FNDA:0,Microsoft.Extensions.DependencyInjection.IServiceCollection Films.Infrastructure.Extensions.ServiceCollectionExtensions::AddInfrastructureServices(Microsoft.Extensions.DependencyInjection.IServiceCollection,Microsoft.Extensions.Configuration.IConfiguration)
DA:16,0
DA:17,0
DA:19,0
DA:20,0
DA:22,0
DA:23,0
DA:25,0
DA:26,0
LF:8
LH:0
BRF:0
BRH:0
FNF:1
FNH:0
end_of_record
SF:/modernize-data/studio-data/TNT1001/APP2728/transformed-code/868/studio-workspace/ASPNETWebFormsProj0501/src/Films.Infrastructure/Data/FilmsDbContext.cs
FN:14,Microsoft.EntityFrameworkCore.DbSet`1<Films.Domain.Entities.Film> Films.Infrastructure.Data.FilmsDbContext::get_Films()
FNDA:0,Microsoft.EntityFrameworkCore.DbSet`1<Films.Domain.Entities.Film> Films.Infrastructure.Data.FilmsDbContext::get_Films()
DA:15,0
FN:15,Microsoft.EntityFrameworkCore.DbSet`1<Films.Domain.Entities.Actor> Films.Infrastructure.Data.FilmsDbContext::get_Actors()
FNDA:0,Microsoft.EntityFrameworkCore.DbSet`1<Films.Domain.Entities.Actor> Films.Infrastructure.Data.FilmsDbContext::get_Actors()
DA:16,0
FN:16,Microsoft.EntityFrameworkCore.DbSet`1<Films.Domain.Entities.Director> Films.Infrastructure.Data.FilmsDbContext::get_Directors()
FNDA:0,Microsoft.EntityFrameworkCore.DbSet`1<Films.Domain.Entities.Director> Films.Infrastructure.Data.FilmsDbContext::get_Directors()
DA:17,0
FN:17,Microsoft.EntityFrameworkCore.DbSet`1<Films.Domain.Entities.User> Films.Infrastructure.Data.FilmsDbContext::get_Users()
FNDA:0,Microsoft.EntityFrameworkCore.DbSet`1<Films.Domain.Entities.User> Films.Infrastructure.Data.FilmsDbContext::get_Users()
DA:18,0
FN:18,Microsoft.EntityFrameworkCore.DbSet`1<Films.Domain.Entities.Sex> Films.Infrastructure.Data.FilmsDbContext::get_Sexes()
FNDA:0,Microsoft.EntityFrameworkCore.DbSet`1<Films.Domain.Entities.Sex> Films.Infrastructure.Data.FilmsDbContext::get_Sexes()
DA:19,0
FN:19,Microsoft.EntityFrameworkCore.DbSet`1<Films.Domain.Entities.TypeUser> Films.Infrastructure.Data.FilmsDbContext::get_TypeUsers()
FNDA:0,Microsoft.EntityFrameworkCore.DbSet`1<Films.Domain.Entities.TypeUser> Films.Infrastructure.Data.FilmsDbContext::get_TypeUsers()
DA:20,0
FN:20,Microsoft.EntityFrameworkCore.DbSet`1<Films.Domain.Entities.Right> Films.Infrastructure.Data.FilmsDbContext::get_Rights()
FNDA:0,Microsoft.EntityFrameworkCore.DbSet`1<Films.Domain.Entities.Right> Films.Infrastructure.Data.FilmsDbContext::get_Rights()
DA:21,0
FN:21,Microsoft.EntityFrameworkCore.DbSet`1<Films.Domain.Entities.RefAF> Films.Infrastructure.Data.FilmsDbContext::get_RefAFs()
FNDA:0,Microsoft.EntityFrameworkCore.DbSet`1<Films.Domain.Entities.RefAF> Films.Infrastructure.Data.FilmsDbContext::get_RefAFs()
DA:22,0
FN:22,Microsoft.EntityFrameworkCore.DbSet`1<Films.Domain.Entities.RefDAF> Films.Infrastructure.Data.FilmsDbContext::get_RefDAFs()
FNDA:0,Microsoft.EntityFrameworkCore.DbSet`1<Films.Domain.Entities.RefDAF> Films.Infrastructure.Data.FilmsDbContext::get_RefDAFs()
DA:23,0
FN:23,Microsoft.EntityFrameworkCore.DbSet`1<Films.Domain.Entities.UserRight> Films.Infrastructure.Data.FilmsDbContext::get_UserRights()
FNDA:0,Microsoft.EntityFrameworkCore.DbSet`1<Films.Domain.Entities.UserRight> Films.Infrastructure.Data.FilmsDbContext::get_UserRights()
DA:24,0
FN:26,System.Void Films.Infrastructure.Data.FilmsDbContext::OnModelCreating(Microsoft.EntityFrameworkCore.ModelBuilder)
FNDA:0,System.Void Films.Infrastructure.Data.FilmsDbContext::OnModelCreating(Microsoft.EntityFrameworkCore.ModelBuilder)
DA:27,0
DA:28,0
DA:30,0
DA:31,0
FN:10,System.Void Films.Infrastructure.Data.FilmsDbContext::.ctor(Microsoft.EntityFrameworkCore.DbContextOptions`1<Films.Infrastructure.Data.FilmsDbContext>)
FNDA:0,System.Void Films.Infrastructure.Data.FilmsDbContext::.ctor(Microsoft.EntityFrameworkCore.DbContextOptions`1<Films.Infrastructure.Data.FilmsDbContext>)
DA:11,0
DA:12,0
DA:13,0
LF:17
LH:0
BRF:0
BRH:0
FNF:12
FNH:0
end_of_record
SF:/modernize-data/studio-data/TNT1001/APP2728/transformed-code/868/studio-workspace/ASPNETWebFormsProj0501/src/Films.Infrastructure/Data/Configurations/ActorConfiguration.cs
FN:12,System.Void Films.Infrastructure.Data.Configurations.ActorConfiguration::Configure(Microsoft.EntityFrameworkCore.Metadata.Builders.EntityTypeBuilder`1<Films.Domain.Entities.Actor>)
FNDA:0,System.Void Films.Infrastructure.Data.Configurations.ActorConfiguration::Configure(Microsoft.EntityFrameworkCore.Metadata.Builders.EntityTypeBuilder`1<Films.Domain.Entities.Actor>)
DA:13,0
DA:14,0
DA:16,0
DA:18,0
DA:19,0
DA:20,0
DA:22,0
DA:23,0
DA:25,0
DA:26,0
DA:27,0
DA:29,0
DA:30,0
DA:31,0
DA:33,0
DA:34,0
DA:35,0
DA:37,0
DA:38,0
DA:40,0
DA:41,0
DA:42,0
DA:43,0
DA:45,0
DA:46,0
DA:47,0
DA:48,0
DA:49,0
LF:28
LH:0
BRF:0
BRH:0
FNF:1
FNH:0
end_of_record
SF:/modernize-data/studio-data/TNT1001/APP2728/transformed-code/868/studio-workspace/ASPNETWebFormsProj0501/src/Films.Infrastructure/Data/Configurations/DirectorConfiguration.cs
FN:12,System.Void Films.Infrastructure.Data.Configurations.DirectorConfiguration::Configure(Microsoft.EntityFrameworkCore.Metadata.Builders.EntityTypeBuilder`1<Films.Domain.Entities.Director>)
FNDA:0,System.Void Films.Infrastructure.Data.Configurations.DirectorConfiguration::Configure(Microsoft.EntityFrameworkCore.Metadata.Builders.EntityTypeBuilder`1<Films.Domain.Entities.Director>)
DA:13,0
DA:14,0
DA:16,0
DA:18,0
DA:19,0
DA:20,0
DA:22,0
DA:23,0
DA:25,0
DA:26,0
DA:27,0
DA:29,0
DA:30,0
DA:31,0
DA:33,0
DA:34,0
DA:35,0
DA:37,0
DA:38,0
DA:40,0
DA:41,0
DA:42,0
DA:43,0
DA:45,0
DA:46,0
DA:47,0
DA:48,0
DA:49,0
LF:28
LH:0
BRF:0
BRH:0
FNF:1
FNH:0
end_of_record
SF:/modernize-data/studio-data/TNT1001/APP2728/transformed-code/868/studio-workspace/ASPNETWebFormsProj0501/src/Films.Infrastructure/Data/Configurations/FilmConfiguration.cs
FN:12,System.Void Films.Infrastructure.Data.Configurations.FilmConfiguration::Configure(Microsoft.EntityFrameworkCore.Metadata.Builders.EntityTypeBuilder`1<Films.Domain.Entities.Film>)
FNDA:0,System.Void Films.Infrastructure.Data.Configurations.FilmConfiguration::Configure(Microsoft.EntityFrameworkCore.Metadata.Builders.EntityTypeBuilder`1<Films.Domain.Entities.Film>)
DA:13,0
DA:14,0
DA:16,0
DA:18,0
DA:19,0
DA:20,0
DA:22,0
DA:23,0
DA:25,0
DA:26,0
DA:28,0
DA:29,0
DA:31,0
DA:32,0
DA:33,0
DA:35,0
DA:36,0
DA:37,0
DA:39,0
DA:40,0
DA:41,0
DA:43,0
DA:44,0
DA:46,0
DA:47,0
DA:48,0
DA:49,0
DA:51,0
DA:52,0
DA:53,0
DA:54,0
DA:55,0
LF:32
LH:0
BRF:0
BRH:0
FNF:1
FNH:0
end_of_record
SF:/modernize-data/studio-data/TNT1001/APP2728/transformed-code/868/studio-workspace/ASPNETWebFormsProj0501/src/Films.Infrastructure/Data/Configurations/SexConfiguration.cs
FN:12,System.Void Films.Infrastructure.Data.Configurations.SexConfiguration::Configure(Microsoft.EntityFrameworkCore.Metadata.Builders.EntityTypeBuilder`1<Films.Domain.Entities.Sex>)
FNDA:0,System.Void Films.Infrastructure.Data.Configurations.SexConfiguration::Configure(Microsoft.EntityFrameworkCore.Metadata.Builders.EntityTypeBuilder`1<Films.Domain.Entities.Sex>)
DA:13,0
DA:14,0
DA:16,0
DA:18,0
DA:19,0
DA:20,0
DA:22,0
DA:23,0
DA:25,0
DA:26,0
DA:27,0
DA:29,0
DA:30,0
DA:31,0
DA:33,0
DA:34,0
DA:35,0
DA:37,0
DA:38,0
DA:39,0
LF:20
LH:0
BRF:0
BRH:0
FNF:1
FNH:0
end_of_record
SF:/modernize-data/studio-data/TNT1001/APP2728/transformed-code/868/studio-workspace/ASPNETWebFormsProj0501/src/Films.Infrastructure/Data/Configurations/UserConfiguration.cs
FN:12,System.Void Films.Infrastructure.Data.Configurations.UserConfiguration::Configure(Microsoft.EntityFrameworkCore.Metadata.Builders.EntityTypeBuilder`1<Films.Domain.Entities.User>)
FNDA:0,System.Void Films.Infrastructure.Data.Configurations.UserConfiguration::Configure(Microsoft.EntityFrameworkCore.Metadata.Builders.EntityTypeBuilder`1<Films.Domain.Entities.User>)
DA:13,0
DA:14,0
DA:16,0
DA:18,0
DA:19,0
DA:20,0
DA:22,0
DA:23,0
DA:25,0
DA:26,0
DA:27,0
DA:29,0
DA:30,0
DA:32,0
DA:33,0
DA:35,0
DA:36,0
DA:38,0
DA:39,0
DA:41,0
DA:42,0
DA:44,0
DA:45,0
DA:46,0
DA:48,0
DA:49,0
DA:50,0
DA:52,0
DA:53,0
DA:54,0
DA:56,0
DA:57,0
DA:59,0
DA:60,0
DA:61,0
DA:62,0
DA:64,0
DA:65,0
DA:66,0
DA:67,0
DA:69,0
DA:70,0
DA:71,0
DA:72,0
DA:73,0
LF:45
LH:0
BRF:0
BRH:0
FNF:1
FNH:0
end_of_record
SF:/modernize-data/studio-data/TNT1001/APP2728/transformed-code/868/studio-workspace/ASPNETWebFormsProj0501/src/Films.Domain/Entities/Actor.cs
FN:7,System.Int32 Films.Domain.Entities.Actor::get_Id()
FNDA:0,System.Int32 Films.Domain.Entities.Actor::get_Id()
DA:8,0
FN:8,System.String Films.Domain.Entities.Actor::get_Name()
FNDA:0,System.String Films.Domain.Entities.Actor::get_Name()
DA:9,0
FN:9,System.String Films.Domain.Entities.Actor::get_Description()
FNDA:0,System.String Films.Domain.Entities.Actor::get_Description()
DA:10,0
FN:10,System.Nullable`1<System.Int32> Films.Domain.Entities.Actor::get_SexId()
FNDA:0,System.Nullable`1<System.Int32> Films.Domain.Entities.Actor::get_SexId()
DA:11,0
FN:11,System.Nullable`1<System.DateTime> Films.Domain.Entities.Actor::get_BirthDate()
FNDA:0,System.Nullable`1<System.DateTime> Films.Domain.Entities.Actor::get_BirthDate()
DA:12,0
FN:12,System.DateTime Films.Domain.Entities.Actor::get_CreatedDate()
FNDA:0,System.DateTime Films.Domain.Entities.Actor::get_CreatedDate()
DA:13,0
FN:13,System.Nullable`1<System.DateTime> Films.Domain.Entities.Actor::get_ModifiedDate()
FNDA:0,System.Nullable`1<System.DateTime> Films.Domain.Entities.Actor::get_ModifiedDate()
DA:14,0
FN:14,System.Boolean Films.Domain.Entities.Actor::get_IsActive()
FNDA:0,System.Boolean Films.Domain.Entities.Actor::get_IsActive()
DA:15,0
FN:15,System.String Films.Domain.Entities.Actor::get_CreatedBy()
FNDA:0,System.String Films.Domain.Entities.Actor::get_CreatedBy()
DA:16,0
FN:16,System.String Films.Domain.Entities.Actor::get_ModifiedBy()
FNDA:0,System.String Films.Domain.Entities.Actor::get_ModifiedBy()
DA:17,0
FN:19,Films.Domain.Entities.Sex Films.Domain.Entities.Actor::get_Sex()
FNDA:0,Films.Domain.Entities.Sex Films.Domain.Entities.Actor::get_Sex()
DA:20,0
FN:20,System.Collections.Generic.ICollection`1<Films.Domain.Entities.RefAF> Films.Domain.Entities.Actor::get_RefAFs()
FNDA:0,System.Collections.Generic.ICollection`1<Films.Domain.Entities.RefAF> Films.Domain.Entities.Actor::get_RefAFs()
DA:21,0
LF:12
LH:0
BRF:0
BRH:0
FNF:12
FNH:0
end_of_record
SF:/modernize-data/studio-data/TNT1001/APP2728/transformed-code/868/studio-workspace/ASPNETWebFormsProj0501/src/Films.Domain/Entities/Director.cs
FN:7,System.Int32 Films.Domain.Entities.Director::get_Id()
FNDA:0,System.Int32 Films.Domain.Entities.Director::get_Id()
DA:8,0
FN:8,System.String Films.Domain.Entities.Director::get_Name()
FNDA:0,System.String Films.Domain.Entities.Director::get_Name()
DA:9,0
FN:9,System.String Films.Domain.Entities.Director::get_Description()
FNDA:0,System.String Films.Domain.Entities.Director::get_Description()
DA:10,0
FN:10,System.Nullable`1<System.Int32> Films.Domain.Entities.Director::get_SexId()
FNDA:0,System.Nullable`1<System.Int32> Films.Domain.Entities.Director::get_SexId()
DA:11,0
FN:11,System.Nullable`1<System.DateTime> Films.Domain.Entities.Director::get_BirthDate()
FNDA:0,System.Nullable`1<System.DateTime> Films.Domain.Entities.Director::get_BirthDate()
DA:12,0
FN:12,System.DateTime Films.Domain.Entities.Director::get_CreatedDate()
FNDA:0,System.DateTime Films.Domain.Entities.Director::get_CreatedDate()
DA:13,0
FN:13,System.Nullable`1<System.DateTime> Films.Domain.Entities.Director::get_ModifiedDate()
FNDA:0,System.Nullable`1<System.DateTime> Films.Domain.Entities.Director::get_ModifiedDate()
DA:14,0
FN:14,System.Boolean Films.Domain.Entities.Director::get_IsActive()
FNDA:0,System.Boolean Films.Domain.Entities.Director::get_IsActive()
DA:15,0
FN:15,System.String Films.Domain.Entities.Director::get_CreatedBy()
FNDA:0,System.String Films.Domain.Entities.Director::get_CreatedBy()
DA:16,0
FN:16,System.String Films.Domain.Entities.Director::get_ModifiedBy()
FNDA:0,System.String Films.Domain.Entities.Director::get_ModifiedBy()
DA:17,0
FN:19,Films.Domain.Entities.Sex Films.Domain.Entities.Director::get_Sex()
FNDA:0,Films.Domain.Entities.Sex Films.Domain.Entities.Director::get_Sex()
DA:20,0
FN:20,System.Collections.Generic.ICollection`1<Films.Domain.Entities.RefDAF> Films.Domain.Entities.Director::get_RefDAFs()
FNDA:0,System.Collections.Generic.ICollection`1<Films.Domain.Entities.RefDAF> Films.Domain.Entities.Director::get_RefDAFs()
DA:21,0
LF:12
LH:0
BRF:0
BRH:0
FNF:12
FNH:0
end_of_record
SF:/modernize-data/studio-data/TNT1001/APP2728/transformed-code/868/studio-workspace/ASPNETWebFormsProj0501/src/Films.Domain/Entities/Film.cs
FN:7,System.Int32 Films.Domain.Entities.Film::get_Id()
FNDA:0,System.Int32 Films.Domain.Entities.Film::get_Id()
DA:8,0
FN:8,System.String Films.Domain.Entities.Film::get_Name()
FNDA:0,System.String Films.Domain.Entities.Film::get_Name()
DA:9,0
FN:9,System.String Films.Domain.Entities.Film::get_Description()
FNDA:0,System.String Films.Domain.Entities.Film::get_Description()
DA:10,0
FN:10,System.Int32 Films.Domain.Entities.Film::get_Year()
FNDA:0,System.Int32 Films.Domain.Entities.Film::get_Year()
DA:11,0
FN:11,System.String Films.Domain.Entities.Film::get_Genre()
FNDA:0,System.String Films.Domain.Entities.Film::get_Genre()
DA:12,0
FN:12,System.DateTime Films.Domain.Entities.Film::get_CreatedDate()
FNDA:0,System.DateTime Films.Domain.Entities.Film::get_CreatedDate()
DA:13,0
FN:13,System.Nullable`1<System.DateTime> Films.Domain.Entities.Film::get_ModifiedDate()
FNDA:0,System.Nullable`1<System.DateTime> Films.Domain.Entities.Film::get_ModifiedDate()
DA:14,0
FN:14,System.Boolean Films.Domain.Entities.Film::get_IsActive()
FNDA:0,System.Boolean Films.Domain.Entities.Film::get_IsActive()
DA:15,0
FN:15,System.String Films.Domain.Entities.Film::get_CreatedBy()
FNDA:0,System.String Films.Domain.Entities.Film::get_CreatedBy()
DA:16,0
FN:16,System.String Films.Domain.Entities.Film::get_ModifiedBy()
FNDA:0,System.String Films.Domain.Entities.Film::get_ModifiedBy()
DA:17,0
FN:19,System.Collections.Generic.ICollection`1<Films.Domain.Entities.RefAF> Films.Domain.Entities.Film::get_RefAFs()
FNDA:0,System.Collections.Generic.ICollection`1<Films.Domain.Entities.RefAF> Films.Domain.Entities.Film::get_RefAFs()
DA:20,0
FN:20,System.Collections.Generic.ICollection`1<Films.Domain.Entities.RefDAF> Films.Domain.Entities.Film::get_RefDAFs()
FNDA:0,System.Collections.Generic.ICollection`1<Films.Domain.Entities.RefDAF> Films.Domain.Entities.Film::get_RefDAFs()
DA:21,0
LF:12
LH:0
BRF:0
BRH:0
FNF:12
FNH:0
end_of_record
SF:/modernize-data/studio-data/TNT1001/APP2728/transformed-code/868/studio-workspace/ASPNETWebFormsProj0501/src/Films.Domain/Entities/RefAF.cs
FN:7,System.Int32 Films.Domain.Entities.RefAF::get_Id()
FNDA:0,System.Int32 Films.Domain.Entities.RefAF::get_Id()
DA:8,0
FN:8,System.Int32 Films.Domain.Entities.RefAF::get_ActorId()
FNDA:0,System.Int32 Films.Domain.Entities.RefAF::get_ActorId()
DA:9,0
FN:9,System.Int32 Films.Domain.Entities.RefAF::get_FilmId()
FNDA:0,System.Int32 Films.Domain.Entities.RefAF::get_FilmId()
DA:10,0
FN:10,System.DateTime Films.Domain.Entities.RefAF::get_CreatedDate()
FNDA:0,System.DateTime Films.Domain.Entities.RefAF::get_CreatedDate()
DA:11,0
FN:11,System.Nullable`1<System.DateTime> Films.Domain.Entities.RefAF::get_ModifiedDate()
FNDA:0,System.Nullable`1<System.DateTime> Films.Domain.Entities.RefAF::get_ModifiedDate()
DA:12,0
FN:12,System.Boolean Films.Domain.Entities.RefAF::get_IsActive()
FNDA:0,System.Boolean Films.Domain.Entities.RefAF::get_IsActive()
DA:13,0
FN:13,System.String Films.Domain.Entities.RefAF::get_CreatedBy()
FNDA:0,System.String Films.Domain.Entities.RefAF::get_CreatedBy()
DA:14,0
FN:14,System.String Films.Domain.Entities.RefAF::get_ModifiedBy()
FNDA:0,System.String Films.Domain.Entities.RefAF::get_ModifiedBy()
DA:15,0
FN:17,Films.Domain.Entities.Actor Films.Domain.Entities.RefAF::get_Actor()
FNDA:0,Films.Domain.Entities.Actor Films.Domain.Entities.RefAF::get_Actor()
DA:18,0
FN:18,Films.Domain.Entities.Film Films.Domain.Entities.RefAF::get_Film()
FNDA:0,Films.Domain.Entities.Film Films.Domain.Entities.RefAF::get_Film()
DA:19,0
LF:10
LH:0
BRF:0
BRH:0
FNF:10
FNH:0
end_of_record
SF:/modernize-data/studio-data/TNT1001/APP2728/transformed-code/868/studio-workspace/ASPNETWebFormsProj0501/src/Films.Domain/Entities/RefDAF.cs
FN:7,System.Int32 Films.Domain.Entities.RefDAF::get_Id()
FNDA:0,System.Int32 Films.Domain.Entities.RefDAF::get_Id()
DA:8,0
FN:8,System.Int32 Films.Domain.Entities.RefDAF::get_DirectorId()
FNDA:0,System.Int32 Films.Domain.Entities.RefDAF::get_DirectorId()
DA:9,0
FN:9,System.Int32 Films.Domain.Entities.RefDAF::get_FilmId()
FNDA:0,System.Int32 Films.Domain.Entities.RefDAF::get_FilmId()
DA:10,0
FN:10,System.DateTime Films.Domain.Entities.RefDAF::get_CreatedDate()
FNDA:0,System.DateTime Films.Domain.Entities.RefDAF::get_CreatedDate()
DA:11,0
FN:11,System.Nullable`1<System.DateTime> Films.Domain.Entities.RefDAF::get_ModifiedDate()
FNDA:0,System.Nullable`1<System.DateTime> Films.Domain.Entities.RefDAF::get_ModifiedDate()
DA:12,0
FN:12,System.Boolean Films.Domain.Entities.RefDAF::get_IsActive()
FNDA:0,System.Boolean Films.Domain.Entities.RefDAF::get_IsActive()
DA:13,0
FN:13,System.String Films.Domain.Entities.RefDAF::get_CreatedBy()
FNDA:0,System.String Films.Domain.Entities.RefDAF::get_CreatedBy()
DA:14,0
FN:14,System.String Films.Domain.Entities.RefDAF::get_ModifiedBy()
FNDA:0,System.String Films.Domain.Entities.RefDAF::get_ModifiedBy()
DA:15,0
FN:17,Films.Domain.Entities.Director Films.Domain.Entities.RefDAF::get_Director()
FNDA:0,Films.Domain.Entities.Director Films.Domain.Entities.RefDAF::get_Director()
DA:18,0
FN:18,Films.Domain.Entities.Film Films.Domain.Entities.RefDAF::get_Film()
FNDA:0,Films.Domain.Entities.Film Films.Domain.Entities.RefDAF::get_Film()
DA:19,0
LF:10
LH:0
BRF:0
BRH:0
FNF:10
FNH:0
end_of_record
SF:/modernize-data/studio-data/TNT1001/APP2728/transformed-code/868/studio-workspace/ASPNETWebFormsProj0501/src/Films.Domain/Entities/Right.cs
FN:7,System.Int32 Films.Domain.Entities.Right::get_Id()
FNDA:0,System.Int32 Films.Domain.Entities.Right::get_Id()
DA:8,0
FN:8,System.String Films.Domain.Entities.Right::get_Name()
FNDA:0,System.String Films.Domain.Entities.Right::get_Name()
DA:9,0
FN:9,System.String Films.Domain.Entities.Right::get_Description()
FNDA:0,System.String Films.Domain.Entities.Right::get_Description()
DA:10,0
FN:10,System.DateTime Films.Domain.Entities.Right::get_CreatedDate()
FNDA:0,System.DateTime Films.Domain.Entities.Right::get_CreatedDate()
DA:11,0
FN:11,System.Nullable`1<System.DateTime> Films.Domain.Entities.Right::get_ModifiedDate()
FNDA:0,System.Nullable`1<System.DateTime> Films.Domain.Entities.Right::get_ModifiedDate()
DA:12,0
FN:12,System.Boolean Films.Domain.Entities.Right::get_IsActive()
FNDA:0,System.Boolean Films.Domain.Entities.Right::get_IsActive()
DA:13,0
FN:13,System.String Films.Domain.Entities.Right::get_CreatedBy()
FNDA:0,System.String Films.Domain.Entities.Right::get_CreatedBy()
DA:14,0
FN:14,System.String Films.Domain.Entities.Right::get_ModifiedBy()
FNDA:0,System.String Films.Domain.Entities.Right::get_ModifiedBy()
DA:15,0
FN:17,System.Collections.Generic.ICollection`1<Films.Domain.Entities.UserRight> Films.Domain.Entities.Right::get_UserRights()
FNDA:0,System.Collections.Generic.ICollection`1<Films.Domain.Entities.UserRight> Films.Domain.Entities.Right::get_UserRights()
DA:18,0
LF:9
LH:0
BRF:0
BRH:0
FNF:9
FNH:0
end_of_record
SF:/modernize-data/studio-data/TNT1001/APP2728/transformed-code/868/studio-workspace/ASPNETWebFormsProj0501/src/Films.Domain/Entities/Sex.cs
FN:7,System.Int32 Films.Domain.Entities.Sex::get_Id()
FNDA:0,System.Int32 Films.Domain.Entities.Sex::get_Id()
DA:8,0
FN:8,System.String Films.Domain.Entities.Sex::get_Name()
FNDA:0,System.String Films.Domain.Entities.Sex::get_Name()
DA:9,0
FN:9,System.String Films.Domain.Entities.Sex::get_Description()
FNDA:0,System.String Films.Domain.Entities.Sex::get_Description()
DA:10,0
FN:10,System.DateTime Films.Domain.Entities.Sex::get_CreatedDate()
FNDA:0,System.DateTime Films.Domain.Entities.Sex::get_CreatedDate()
DA:11,0
FN:11,System.Nullable`1<System.DateTime> Films.Domain.Entities.Sex::get_ModifiedDate()
FNDA:0,System.Nullable`1<System.DateTime> Films.Domain.Entities.Sex::get_ModifiedDate()
DA:12,0
FN:12,System.Boolean Films.Domain.Entities.Sex::get_IsActive()
FNDA:0,System.Boolean Films.Domain.Entities.Sex::get_IsActive()
DA:13,0
FN:13,System.String Films.Domain.Entities.Sex::get_CreatedBy()
FNDA:0,System.String Films.Domain.Entities.Sex::get_CreatedBy()
DA:14,0
FN:14,System.String Films.Domain.Entities.Sex::get_ModifiedBy()
FNDA:0,System.String Films.Domain.Entities.Sex::get_ModifiedBy()
DA:15,0
FN:17,System.Collections.Generic.ICollection`1<Films.Domain.Entities.Actor> Films.Domain.Entities.Sex::get_Actors()
FNDA:0,System.Collections.Generic.ICollection`1<Films.Domain.Entities.Actor> Films.Domain.Entities.Sex::get_Actors()
DA:18,0
FN:18,System.Collections.Generic.ICollection`1<Films.Domain.Entities.Director> Films.Domain.Entities.Sex::get_Directors()
FNDA:0,System.Collections.Generic.ICollection`1<Films.Domain.Entities.Director> Films.Domain.Entities.Sex::get_Directors()
DA:19,0
FN:19,System.Collections.Generic.ICollection`1<Films.Domain.Entities.User> Films.Domain.Entities.Sex::get_Users()
FNDA:0,System.Collections.Generic.ICollection`1<Films.Domain.Entities.User> Films.Domain.Entities.Sex::get_Users()
DA:20,0
LF:11
LH:0
BRF:0
BRH:0
FNF:11
FNH:0
end_of_record
SF:/modernize-data/studio-data/TNT1001/APP2728/transformed-code/868/studio-workspace/ASPNETWebFormsProj0501/src/Films.Domain/Entities/TypeUser.cs
FN:7,System.Int32 Films.Domain.Entities.TypeUser::get_Id()
FNDA:0,System.Int32 Films.Domain.Entities.TypeUser::get_Id()
DA:8,0
FN:8,System.String Films.Domain.Entities.TypeUser::get_Name()
FNDA:0,System.String Films.Domain.Entities.TypeUser::get_Name()
DA:9,0
FN:9,System.String Films.Domain.Entities.TypeUser::get_Description()
FNDA:0,System.String Films.Domain.Entities.TypeUser::get_Description()
DA:10,0
FN:10,System.DateTime Films.Domain.Entities.TypeUser::get_CreatedDate()
FNDA:0,System.DateTime Films.Domain.Entities.TypeUser::get_CreatedDate()
DA:11,0
FN:11,System.Nullable`1<System.DateTime> Films.Domain.Entities.TypeUser::get_ModifiedDate()
FNDA:0,System.Nullable`1<System.DateTime> Films.Domain.Entities.TypeUser::get_ModifiedDate()
DA:12,0
FN:12,System.Boolean Films.Domain.Entities.TypeUser::get_IsActive()
FNDA:0,System.Boolean Films.Domain.Entities.TypeUser::get_IsActive()
DA:13,0
FN:13,System.String Films.Domain.Entities.TypeUser::get_CreatedBy()
FNDA:0,System.String Films.Domain.Entities.TypeUser::get_CreatedBy()
DA:14,0
FN:14,System.String Films.Domain.Entities.TypeUser::get_ModifiedBy()
FNDA:0,System.String Films.Domain.Entities.TypeUser::get_ModifiedBy()
DA:15,0
FN:17,System.Collections.Generic.ICollection`1<Films.Domain.Entities.User> Films.Domain.Entities.TypeUser::get_Users()
FNDA:0,System.Collections.Generic.ICollection`1<Films.Domain.Entities.User> Films.Domain.Entities.TypeUser::get_Users()
DA:18,0
LF:9
LH:0
BRF:0
BRH:0
FNF:9
FNH:0
end_of_record
SF:/modernize-data/studio-data/TNT1001/APP2728/transformed-code/868/studio-workspace/ASPNETWebFormsProj0501/src/Films.Domain/Entities/User.cs
FN:7,System.Int32 Films.Domain.Entities.User::get_Id()
FNDA:0,System.Int32 Films.Domain.Entities.User::get_Id()
DA:8,0
FN:8,System.String Films.Domain.Entities.User::get_Username()
FNDA:0,System.String Films.Domain.Entities.User::get_Username()
DA:9,0
FN:9,System.String Films.Domain.Entities.User::get_Password()
FNDA:0,System.String Films.Domain.Entities.User::get_Password()
DA:10,0
FN:10,System.String Films.Domain.Entities.User::get_SecretQuestion()
FNDA:0,System.String Films.Domain.Entities.User::get_SecretQuestion()
DA:11,0
FN:11,System.String Films.Domain.Entities.User::get_SecretAnswer()
FNDA:0,System.String Films.Domain.Entities.User::get_SecretAnswer()
DA:12,0
FN:12,System.String Films.Domain.Entities.User::get_FirstName()
FNDA:0,System.String Films.Domain.Entities.User::get_FirstName()
DA:13,0
FN:13,System.String Films.Domain.Entities.User::get_LastName()
FNDA:0,System.String Films.Domain.Entities.User::get_LastName()
DA:14,0
FN:14,System.Nullable`1<System.Int32> Films.Domain.Entities.User::get_SexId()
FNDA:0,System.Nullable`1<System.Int32> Films.Domain.Entities.User::get_SexId()
DA:15,0
FN:15,System.Nullable`1<System.DateTime> Films.Domain.Entities.User::get_BirthDate()
FNDA:0,System.Nullable`1<System.DateTime> Films.Domain.Entities.User::get_BirthDate()
DA:16,0
FN:16,System.String Films.Domain.Entities.User::get_PhoneNumber()
FNDA:0,System.String Films.Domain.Entities.User::get_PhoneNumber()
DA:17,0
FN:17,System.Nullable`1<System.Int32> Films.Domain.Entities.User::get_TypeUserId()
FNDA:0,System.Nullable`1<System.Int32> Films.Domain.Entities.User::get_TypeUserId()
DA:18,0
FN:18,System.DateTime Films.Domain.Entities.User::get_CreatedDate()
FNDA:0,System.DateTime Films.Domain.Entities.User::get_CreatedDate()
DA:19,0
FN:19,System.Nullable`1<System.DateTime> Films.Domain.Entities.User::get_ModifiedDate()
FNDA:0,System.Nullable`1<System.DateTime> Films.Domain.Entities.User::get_ModifiedDate()
DA:20,0
FN:20,System.Boolean Films.Domain.Entities.User::get_IsActive()
FNDA:0,System.Boolean Films.Domain.Entities.User::get_IsActive()
DA:21,0
FN:21,System.String Films.Domain.Entities.User::get_CreatedBy()
FNDA:0,System.String Films.Domain.Entities.User::get_CreatedBy()
DA:22,0
FN:22,System.String Films.Domain.Entities.User::get_ModifiedBy()
FNDA:0,System.String Films.Domain.Entities.User::get_ModifiedBy()
DA:23,0
FN:25,Films.Domain.Entities.Sex Films.Domain.Entities.User::get_Sex()
FNDA:0,Films.Domain.Entities.Sex Films.Domain.Entities.User::get_Sex()
DA:26,0
FN:26,Films.Domain.Entities.TypeUser Films.Domain.Entities.User::get_TypeUser()
FNDA:0,Films.Domain.Entities.TypeUser Films.Domain.Entities.User::get_TypeUser()
DA:27,0
FN:27,System.Collections.Generic.ICollection`1<Films.Domain.Entities.UserRight> Films.Domain.Entities.User::get_UserRights()
FNDA:0,System.Collections.Generic.ICollection`1<Films.Domain.Entities.UserRight> Films.Domain.Entities.User::get_UserRights()
DA:28,0
LF:19
LH:0
BRF:0
BRH:0
FNF:19
FNH:0
end_of_record
SF:/modernize-data/studio-data/TNT1001/APP2728/transformed-code/868/studio-workspace/ASPNETWebFormsProj0501/src/Films.Domain/Entities/UserRight.cs
FN:7,System.Int32 Films.Domain.Entities.UserRight::get_Id()
FNDA:0,System.Int32 Films.Domain.Entities.UserRight::get_Id()
DA:8,0
FN:8,System.Int32 Films.Domain.Entities.UserRight::get_UserId()
FNDA:0,System.Int32 Films.Domain.Entities.UserRight::get_UserId()
DA:9,0
FN:9,System.Int32 Films.Domain.Entities.UserRight::get_RightId()
FNDA:0,System.Int32 Films.Domain.Entities.UserRight::get_RightId()
DA:10,0
FN:10,System.DateTime Films.Domain.Entities.UserRight::get_CreatedDate()
FNDA:0,System.DateTime Films.Domain.Entities.UserRight::get_CreatedDate()
DA:11,0
FN:11,System.Nullable`1<System.DateTime> Films.Domain.Entities.UserRight::get_ModifiedDate()
FNDA:0,System.Nullable`1<System.DateTime> Films.Domain.Entities.UserRight::get_ModifiedDate()
DA:12,0
FN:12,System.Boolean Films.Domain.Entities.UserRight::get_IsActive()
FNDA:0,System.Boolean Films.Domain.Entities.UserRight::get_IsActive()
DA:13,0
FN:13,System.String Films.Domain.Entities.UserRight::get_CreatedBy()
FNDA:0,System.String Films.Domain.Entities.UserRight::get_CreatedBy()
DA:14,0
FN:14,System.String Films.Domain.Entities.UserRight::get_ModifiedBy()
FNDA:0,System.String Films.Domain.Entities.UserRight::get_ModifiedBy()
DA:15,0
FN:17,Films.Domain.Entities.User Films.Domain.Entities.UserRight::get_User()
FNDA:0,Films.Domain.Entities.User Films.Domain.Entities.UserRight::get_User()
DA:18,0
FN:18,Films.Domain.Entities.Right Films.Domain.Entities.UserRight::get_Right()
FNDA:0,Films.Domain.Entities.Right Films.Domain.Entities.UserRight::get_Right()
DA:19,0
LF:10
LH:0
BRF:0
BRH:0
FNF:10
FNH:0
end_of_record
SF:/modernize-data/studio-data/TNT1001/APP2728/transformed-code/868/studio-workspace/ASPNETWebFormsProj0501/src/Films.Domain/DTOs/ActorDto.cs
FN:7,System.Int32 Films.Domain.DTOs.ActorDto::get_Id()
FNDA:0,System.Int32 Films.Domain.DTOs.ActorDto::get_Id()
DA:8,0
FN:8,System.String Films.Domain.DTOs.ActorDto::get_Name()
FNDA:0,System.String Films.Domain.DTOs.ActorDto::get_Name()
DA:9,0
FN:9,System.String Films.Domain.DTOs.ActorDto::get_Description()
FNDA:0,System.String Films.Domain.DTOs.ActorDto::get_Description()
DA:10,0
FN:10,System.Nullable`1<System.Int32> Films.Domain.DTOs.ActorDto::get_SexId()
FNDA:0,System.Nullable`1<System.Int32> Films.Domain.DTOs.ActorDto::get_SexId()
DA:11,0
FN:11,System.String Films.Domain.DTOs.ActorDto::get_SexName()
FNDA:0,System.String Films.Domain.DTOs.ActorDto::get_SexName()
DA:12,0
FN:12,System.Nullable`1<System.DateTime> Films.Domain.DTOs.ActorDto::get_BirthDate()
FNDA:0,System.Nullable`1<System.DateTime> Films.Domain.DTOs.ActorDto::get_BirthDate()
DA:13,0
FN:13,System.DateTime Films.Domain.DTOs.ActorDto::get_CreatedDate()
FNDA:0,System.DateTime Films.Domain.DTOs.ActorDto::get_CreatedDate()
DA:14,0
FN:14,System.Nullable`1<System.DateTime> Films.Domain.DTOs.ActorDto::get_ModifiedDate()
FNDA:0,System.Nullable`1<System.DateTime> Films.Domain.DTOs.ActorDto::get_ModifiedDate()
DA:15,0
FN:15,System.Boolean Films.Domain.DTOs.ActorDto::get_IsActive()
FNDA:0,System.Boolean Films.Domain.DTOs.ActorDto::get_IsActive()
DA:16,0
FN:23,System.String Films.Domain.DTOs.ActorCreateDto::get_Name()
FNDA:0,System.String Films.Domain.DTOs.ActorCreateDto::get_Name()
DA:24,0
FN:24,System.String Films.Domain.DTOs.ActorCreateDto::get_Description()
FNDA:0,System.String Films.Domain.DTOs.ActorCreateDto::get_Description()
DA:25,0
FN:25,System.Nullable`1<System.Int32> Films.Domain.DTOs.ActorCreateDto::get_SexId()
FNDA:0,System.Nullable`1<System.Int32> Films.Domain.DTOs.ActorCreateDto::get_SexId()
DA:26,0
FN:26,System.Nullable`1<System.DateTime> Films.Domain.DTOs.ActorCreateDto::get_BirthDate()
FNDA:0,System.Nullable`1<System.DateTime> Films.Domain.DTOs.ActorCreateDto::get_BirthDate()
DA:27,0
FN:34,System.String Films.Domain.DTOs.ActorUpdateDto::get_Name()
FNDA:0,System.String Films.Domain.DTOs.ActorUpdateDto::get_Name()
DA:35,0
FN:35,System.String Films.Domain.DTOs.ActorUpdateDto::get_Description()
FNDA:0,System.String Films.Domain.DTOs.ActorUpdateDto::get_Description()
DA:36,0
FN:36,System.Nullable`1<System.Int32> Films.Domain.DTOs.ActorUpdateDto::get_SexId()
FNDA:0,System.Nullable`1<System.Int32> Films.Domain.DTOs.ActorUpdateDto::get_SexId()
DA:37,0
FN:37,System.Nullable`1<System.DateTime> Films.Domain.DTOs.ActorUpdateDto::get_BirthDate()
FNDA:0,System.Nullable`1<System.DateTime> Films.Domain.DTOs.ActorUpdateDto::get_BirthDate()
DA:38,0
LF:17
LH:0
BRF:0
BRH:0
FNF:17
FNH:0
end_of_record
SF:/modernize-data/studio-data/TNT1001/APP2728/transformed-code/868/studio-workspace/ASPNETWebFormsProj0501/src/Films.Domain/DTOs/DirectorDto.cs
FN:7,System.Int32 Films.Domain.DTOs.DirectorDto::get_Id()
FNDA:0,System.Int32 Films.Domain.DTOs.DirectorDto::get_Id()
DA:8,0
FN:8,System.String Films.Domain.DTOs.DirectorDto::get_Name()
FNDA:0,System.String Films.Domain.DTOs.DirectorDto::get_Name()
DA:9,0
FN:9,System.String Films.Domain.DTOs.DirectorDto::get_Description()
FNDA:0,System.String Films.Domain.DTOs.DirectorDto::get_Description()
DA:10,0
FN:10,System.Nullable`1<System.Int32> Films.Domain.DTOs.DirectorDto::get_SexId()
FNDA:0,System.Nullable`1<System.Int32> Films.Domain.DTOs.DirectorDto::get_SexId()
DA:11,0
FN:11,System.String Films.Domain.DTOs.DirectorDto::get_SexName()
FNDA:0,System.String Films.Domain.DTOs.DirectorDto::get_SexName()
DA:12,0
FN:12,System.Nullable`1<System.DateTime> Films.Domain.DTOs.DirectorDto::get_BirthDate()
FNDA:0,System.Nullable`1<System.DateTime> Films.Domain.DTOs.DirectorDto::get_BirthDate()
DA:13,0
FN:13,System.DateTime Films.Domain.DTOs.DirectorDto::get_CreatedDate()
FNDA:0,System.DateTime Films.Domain.DTOs.DirectorDto::get_CreatedDate()
DA:14,0
FN:14,System.Nullable`1<System.DateTime> Films.Domain.DTOs.DirectorDto::get_ModifiedDate()
FNDA:0,System.Nullable`1<System.DateTime> Films.Domain.DTOs.DirectorDto::get_ModifiedDate()
DA:15,0
FN:15,System.Boolean Films.Domain.DTOs.DirectorDto::get_IsActive()
FNDA:0,System.Boolean Films.Domain.DTOs.DirectorDto::get_IsActive()
DA:16,0
FN:23,System.String Films.Domain.DTOs.DirectorCreateDto::get_Name()
FNDA:0,System.String Films.Domain.DTOs.DirectorCreateDto::get_Name()
DA:24,0
FN:24,System.String Films.Domain.DTOs.DirectorCreateDto::get_Description()
FNDA:0,System.String Films.Domain.DTOs.DirectorCreateDto::get_Description()
DA:25,0
FN:25,System.Nullable`1<System.Int32> Films.Domain.DTOs.DirectorCreateDto::get_SexId()
FNDA:0,System.Nullable`1<System.Int32> Films.Domain.DTOs.DirectorCreateDto::get_SexId()
DA:26,0
FN:26,System.Nullable`1<System.DateTime> Films.Domain.DTOs.DirectorCreateDto::get_BirthDate()
FNDA:0,System.Nullable`1<System.DateTime> Films.Domain.DTOs.DirectorCreateDto::get_BirthDate()
DA:27,0
FN:34,System.String Films.Domain.DTOs.DirectorUpdateDto::get_Name()
FNDA:0,System.String Films.Domain.DTOs.DirectorUpdateDto::get_Name()
DA:35,0
FN:35,System.String Films.Domain.DTOs.DirectorUpdateDto::get_Description()
FNDA:0,System.String Films.Domain.DTOs.DirectorUpdateDto::get_Description()
DA:36,0
FN:36,System.Nullable`1<System.Int32> Films.Domain.DTOs.DirectorUpdateDto::get_SexId()
FNDA:0,System.Nullable`1<System.Int32> Films.Domain.DTOs.DirectorUpdateDto::get_SexId()
DA:37,0
FN:37,System.Nullable`1<System.DateTime> Films.Domain.DTOs.DirectorUpdateDto::get_BirthDate()
FNDA:0,System.Nullable`1<System.DateTime> Films.Domain.DTOs.DirectorUpdateDto::get_BirthDate()
DA:38,0
LF:17
LH:0
BRF:0
BRH:0
FNF:17
FNH:0
end_of_record
SF:/modernize-data/studio-data/TNT1001/APP2728/transformed-code/868/studio-workspace/ASPNETWebFormsProj0501/src/Films.Domain/DTOs/FilmDto.cs
FN:7,System.Int32 Films.Domain.DTOs.FilmDto::get_Id()
FNDA:0,System.Int32 Films.Domain.DTOs.FilmDto::get_Id()
DA:8,0
FN:8,System.String Films.Domain.DTOs.FilmDto::get_Name()
FNDA:0,System.String Films.Domain.DTOs.FilmDto::get_Name()
DA:9,0
FN:9,System.String Films.Domain.DTOs.FilmDto::get_Description()
FNDA:0,System.String Films.Domain.DTOs.FilmDto::get_Description()
DA:10,0
FN:10,System.Int32 Films.Domain.DTOs.FilmDto::get_Year()
FNDA:0,System.Int32 Films.Domain.DTOs.FilmDto::get_Year()
DA:11,0
FN:11,System.String Films.Domain.DTOs.FilmDto::get_Genre()
FNDA:0,System.String Films.Domain.DTOs.FilmDto::get_Genre()
DA:12,0
FN:12,System.DateTime Films.Domain.DTOs.FilmDto::get_CreatedDate()
FNDA:0,System.DateTime Films.Domain.DTOs.FilmDto::get_CreatedDate()
DA:13,0
FN:13,System.Nullable`1<System.DateTime> Films.Domain.DTOs.FilmDto::get_ModifiedDate()
FNDA:0,System.Nullable`1<System.DateTime> Films.Domain.DTOs.FilmDto::get_ModifiedDate()
DA:14,0
FN:14,System.Boolean Films.Domain.DTOs.FilmDto::get_IsActive()
FNDA:0,System.Boolean Films.Domain.DTOs.FilmDto::get_IsActive()
DA:15,0
FN:22,System.String Films.Domain.DTOs.FilmCreateDto::get_Name()
FNDA:0,System.String Films.Domain.DTOs.FilmCreateDto::get_Name()
DA:23,0
FN:23,System.String Films.Domain.DTOs.FilmCreateDto::get_Description()
FNDA:0,System.String Films.Domain.DTOs.FilmCreateDto::get_Description()
DA:24,0
FN:24,System.Int32 Films.Domain.DTOs.FilmCreateDto::get_Year()
FNDA:0,System.Int32 Films.Domain.DTOs.FilmCreateDto::get_Year()
DA:25,0
FN:25,System.String Films.Domain.DTOs.FilmCreateDto::get_Genre()
FNDA:0,System.String Films.Domain.DTOs.FilmCreateDto::get_Genre()
DA:26,0
FN:33,System.String Films.Domain.DTOs.FilmUpdateDto::get_Name()
FNDA:0,System.String Films.Domain.DTOs.FilmUpdateDto::get_Name()
DA:34,0
FN:34,System.String Films.Domain.DTOs.FilmUpdateDto::get_Description()
FNDA:0,System.String Films.Domain.DTOs.FilmUpdateDto::get_Description()
DA:35,0
FN:35,System.Int32 Films.Domain.DTOs.FilmUpdateDto::get_Year()
FNDA:0,System.Int32 Films.Domain.DTOs.FilmUpdateDto::get_Year()
DA:36,0
FN:36,System.String Films.Domain.DTOs.FilmUpdateDto::get_Genre()
FNDA:0,System.String Films.Domain.DTOs.FilmUpdateDto::get_Genre()
DA:37,0
LF:16
LH:0
BRF:0
BRH:0
FNF:16
FNH:0
end_of_record
SF:/modernize-data/studio-data/TNT1001/APP2728/transformed-code/868/studio-workspace/ASPNETWebFormsProj0501/src/Films.Domain/DTOs/UserDto.cs
FN:7,System.Int32 Films.Domain.DTOs.UserDto::get_Id()
FNDA:0,System.Int32 Films.Domain.DTOs.UserDto::get_Id()
DA:8,0
FN:8,System.String Films.Domain.DTOs.UserDto::get_Username()
FNDA:0,System.String Films.Domain.DTOs.UserDto::get_Username()
DA:9,0
FN:9,System.String Films.Domain.DTOs.UserDto::get_FirstName()
FNDA:0,System.String Films.Domain.DTOs.UserDto::get_FirstName()
DA:10,0
FN:10,System.String Films.Domain.DTOs.UserDto::get_LastName()
FNDA:0,System.String Films.Domain.DTOs.UserDto::get_LastName()
DA:11,0
FN:11,System.Nullable`1<System.Int32> Films.Domain.DTOs.UserDto::get_SexId()
FNDA:0,System.Nullable`1<System.Int32> Films.Domain.DTOs.UserDto::get_SexId()
DA:12,0
FN:12,System.String Films.Domain.DTOs.UserDto::get_SexName()
FNDA:0,System.String Films.Domain.DTOs.UserDto::get_SexName()
DA:13,0
FN:13,System.Nullable`1<System.DateTime> Films.Domain.DTOs.UserDto::get_BirthDate()
FNDA:0,System.Nullable`1<System.DateTime> Films.Domain.DTOs.UserDto::get_BirthDate()
DA:14,0
FN:14,System.String Films.Domain.DTOs.UserDto::get_PhoneNumber()
FNDA:0,System.String Films.Domain.DTOs.UserDto::get_PhoneNumber()
DA:15,0
FN:15,System.Nullable`1<System.Int32> Films.Domain.DTOs.UserDto::get_TypeUserId()
FNDA:0,System.Nullable`1<System.Int32> Films.Domain.DTOs.UserDto::get_TypeUserId()
DA:16,0
FN:16,System.String Films.Domain.DTOs.UserDto::get_TypeUserName()
FNDA:0,System.String Films.Domain.DTOs.UserDto::get_TypeUserName()
DA:17,0
FN:17,System.DateTime Films.Domain.DTOs.UserDto::get_CreatedDate()
FNDA:0,System.DateTime Films.Domain.DTOs.UserDto::get_CreatedDate()
DA:18,0
FN:18,System.Nullable`1<System.DateTime> Films.Domain.DTOs.UserDto::get_ModifiedDate()
FNDA:0,System.Nullable`1<System.DateTime> Films.Domain.DTOs.UserDto::get_ModifiedDate()
DA:19,0
FN:19,System.Boolean Films.Domain.DTOs.UserDto::get_IsActive()
FNDA:0,System.Boolean Films.Domain.DTOs.UserDto::get_IsActive()
DA:20,0
FN:27,System.String Films.Domain.DTOs.UserCreateDto::get_Username()
FNDA:0,System.String Films.Domain.DTOs.UserCreateDto::get_Username()
DA:28,0
FN:28,System.String Films.Domain.DTOs.UserCreateDto::get_Password()
FNDA:0,System.String Films.Domain.DTOs.UserCreateDto::get_Password()
DA:29,0
FN:29,System.String Films.Domain.DTOs.UserCreateDto::get_SecretQuestion()
FNDA:0,System.String Films.Domain.DTOs.UserCreateDto::get_SecretQuestion()
DA:30,0
FN:30,System.String Films.Domain.DTOs.UserCreateDto::get_SecretAnswer()
FNDA:0,System.String Films.Domain.DTOs.UserCreateDto::get_SecretAnswer()
DA:31,0
FN:31,System.String Films.Domain.DTOs.UserCreateDto::get_FirstName()
FNDA:0,System.String Films.Domain.DTOs.UserCreateDto::get_FirstName()
DA:32,0
FN:32,System.String Films.Domain.DTOs.UserCreateDto::get_LastName()
FNDA:0,System.String Films.Domain.DTOs.UserCreateDto::get_LastName()
DA:33,0
FN:33,System.Nullable`1<System.Int32> Films.Domain.DTOs.UserCreateDto::get_SexId()
FNDA:0,System.Nullable`1<System.Int32> Films.Domain.DTOs.UserCreateDto::get_SexId()
DA:34,0
FN:34,System.Nullable`1<System.DateTime> Films.Domain.DTOs.UserCreateDto::get_BirthDate()
FNDA:0,System.Nullable`1<System.DateTime> Films.Domain.DTOs.UserCreateDto::get_BirthDate()
DA:35,0
FN:35,System.String Films.Domain.DTOs.UserCreateDto::get_PhoneNumber()
FNDA:0,System.String Films.Domain.DTOs.UserCreateDto::get_PhoneNumber()
DA:36,0
FN:43,System.String Films.Domain.DTOs.UserUpdateDto::get_FirstName()
FNDA:0,System.String Films.Domain.DTOs.UserUpdateDto::get_FirstName()
DA:44,0
FN:44,System.String Films.Domain.DTOs.UserUpdateDto::get_LastName()
FNDA:0,System.String Films.Domain.DTOs.UserUpdateDto::get_LastName()
DA:45,0
FN:45,System.Nullable`1<System.Int32> Films.Domain.DTOs.UserUpdateDto::get_SexId()
FNDA:0,System.Nullable`1<System.Int32> Films.Domain.DTOs.UserUpdateDto::get_SexId()
DA:46,0
FN:46,System.Nullable`1<System.DateTime> Films.Domain.DTOs.UserUpdateDto::get_BirthDate()
FNDA:0,System.Nullable`1<System.DateTime> Films.Domain.DTOs.UserUpdateDto::get_BirthDate()
DA:47,0
FN:47,System.String Films.Domain.DTOs.UserUpdateDto::get_PhoneNumber()
FNDA:0,System.String Films.Domain.DTOs.UserUpdateDto::get_PhoneNumber()
DA:48,0
LF:27
LH:0
BRF:0
BRH:0
FNF:27
FNH:0
end_of_record
SF:/modernize-data/studio-data/TNT1001/APP2728/transformed-code/868/studio-workspace/ASPNETWebFormsProj0501/src/Films.Web/Program.cs
FN:4,System.Void Program::<Main>$(System.String[])
FNDA:0,System.Void Program::<Main>$(System.String[])
DA:5,0
DA:8,0
DA:9,0
DA:10,0
DA:11,0
DA:12,0
DA:13,0
DA:15,0
DA:18,0
DA:19,0
DA:20,0
DA:22,0
DA:25,0
DA:26,0
DA:27,0
DA:28,0
DA:29,0
DA:31,0
DA:32,0
DA:34,0
DA:36,0
DA:38,0
DA:41,0
DA:42,0
DA:43,0
DA:44,0
DA:45,0
DA:46,0
DA:47,0
DA:48,0
DA:50,0
DA:51,0
DA:52,0
BRDA:25,227,0,0
BRDA:25,227,1,0
LF:33
LH:0
BRF:2
BRH:0
FNF:1
FNH:0
end_of_record
SF:/modernize-data/studio-data/TNT1001/APP2728/transformed-code/868/studio-workspace/ASPNETWebFormsProj0501/src/Films.Web/Pages/Actors/Index.cshtml
FN:3,System.Void AspNetCoreGeneratedDocument.Pages_Actors_Index/<ExecuteAsync>d__9::MoveNext()
FNDA:0,System.Void AspNetCoreGeneratedDocument.Pages_Actors_Index/<ExecuteAsync>d__9::MoveNext()
DA:4,0
BRDA:4,397,0,0
BRDA:4,397,1,0
LF:1
LH:0
BRF:2
BRH:0
FNF:1
FNH:0
end_of_record
SF:/modernize-data/studio-data/TNT1001/APP2728/transformed-code/868/studio-workspace/ASPNETWebFormsProj0501/src/Films.Web/Pages/Directors/Index.cshtml
FN:3,System.Void AspNetCoreGeneratedDocument.Pages_Directors_Index/<ExecuteAsync>d__9::MoveNext()
FNDA:0,System.Void AspNetCoreGeneratedDocument.Pages_Directors_Index/<ExecuteAsync>d__9::MoveNext()
DA:4,0
BRDA:4,397,0,0
BRDA:4,397,1,0
LF:1
LH:0
BRF:2
BRH:0
FNF:1
FNH:0
end_of_record
SF:/modernize-data/studio-data/TNT1001/APP2728/transformed-code/868/studio-workspace/ASPNETWebFormsProj0501/src/Films.Web/Pages/Films/Create.cshtml
FN:3,System.Void AspNetCoreGeneratedDocument.Pages_Films_Create/<ExecuteAsync>d__22::MoveNext()
FNDA:0,System.Void AspNetCoreGeneratedDocument.Pages_Films_Create/<ExecuteAsync>d__22::MoveNext()
DA:4,0
BRDA:4,425,0,0
BRDA:4,425,1,0
LF:1
LH:0
BRF:2
BRH:0
FNF:1
FNH:0
end_of_record
SF:/modernize-data/studio-data/TNT1001/APP2728/transformed-code/868/studio-workspace/ASPNETWebFormsProj0501/src/Films.Web/Pages/Films/Delete.cshtml
FN:3,System.Void AspNetCoreGeneratedDocument.Pages_Films_Delete/<ExecuteAsync>d__14::MoveNext()
FNDA:0,System.Void AspNetCoreGeneratedDocument.Pages_Films_Delete/<ExecuteAsync>d__14::MoveNext()
DA:4,0
DA:11,0
DA:12,0
DA:32,0
DA:34,0
DA:37,0
BRDA:11,117,0,0
BRDA:12,716,0,0
BRDA:12,716,1,0
BRDA:11,117,1,0
BRDA:34,1254,0,0
BRDA:34,1254,1,0
LF:6
LH:0
BRF:6
BRH:0
FNF:1
FNH:0
end_of_record
SF:/modernize-data/studio-data/TNT1001/APP2728/transformed-code/868/studio-workspace/ASPNETWebFormsProj0501/src/Films.Web/Pages/Films/Details.cshtml
FN:3,System.Void AspNetCoreGeneratedDocument.Pages_Films_Details/<ExecuteAsync>d__11::MoveNext()
FNDA:0,System.Void AspNetCoreGeneratedDocument.Pages_Films_Details/<ExecuteAsync>d__11::MoveNext()
DA:4,0
DA:10,0
DA:11,0
DA:33,0
DA:35,0
DA:38,0
BRDA:10,135,0,0
BRDA:11,623,0,0
BRDA:11,623,1,0
BRDA:11,988,0,0
BRDA:11,988,1,0
BRDA:11,1504,0,0
BRDA:11,1504,1,0
BRDA:10,135,1,0
BRDA:35,2044,0,0
BRDA:35,2044,1,0
LF:6
LH:0
BRF:10
BRH:0
FNF:1
FNH:0
end_of_record
SF:/modernize-data/studio-data/TNT1001/APP2728/transformed-code/868/studio-workspace/ASPNETWebFormsProj0501/src/Films.Web/Pages/Films/Edit.cshtml
FN:3,System.Void AspNetCoreGeneratedDocument.Pages_Films_Edit/<ExecuteAsync>d__23::MoveNext()
FNDA:0,System.Void AspNetCoreGeneratedDocument.Pages_Films_Edit/<ExecuteAsync>d__23::MoveNext()
DA:4,0
DA:10,0
DA:11,0
DA:43,0
DA:45,0
DA:48,0
BRDA:10,117,0,0
BRDA:11,494,0,0
BRDA:11,494,1,0
BRDA:10,117,1,0
BRDA:45,1032,0,0
BRDA:45,1032,1,0
LF:6
LH:0
BRF:6
BRH:0
FNF:1
FNH:0
end_of_record
SF:/modernize-data/studio-data/TNT1001/APP2728/transformed-code/868/studio-workspace/ASPNETWebFormsProj0501/src/Films.Web/Pages/Films/Index.cshtml
FN:3,System.Void AspNetCoreGeneratedDocument.Pages_Films_Index/<ExecuteAsync>d__15::MoveNext()
FNDA:0,System.Void AspNetCoreGeneratedDocument.Pages_Films_Index/<ExecuteAsync>d__15::MoveNext()
DA:4,0
DA:22,0
DA:23,0
DA:34,0
BRDA:4,431,0,0
BRDA:4,431,1,0
BRDA:22,3056,1,0
BRDA:23,1056,0,0
BRDA:23,1056,1,0
BRDA:23,1410,0,0
BRDA:23,1410,1,0
BRDA:23,1777,0,0
BRDA:23,1777,1,0
BRDA:23,2131,0,0
BRDA:23,2131,1,0
BRDA:23,2498,0,0
BRDA:23,2498,1,0
BRDA:23,2852,0,0
BRDA:23,2852,1,0
BRDA:22,3056,0,0
LF:4
LH:0
BRF:16
BRH:0
FNF:1
FNH:0
end_of_record
SF:/modernize-data/studio-data/TNT1001/APP2728/transformed-code/868/studio-workspace/ASPNETWebFormsProj0501/src/Films.Web/Pages/Index.cshtml
FN:3,System.Void AspNetCoreGeneratedDocument.Pages_Index/<ExecuteAsync>d__11::MoveNext()
FNDA:0,System.Void AspNetCoreGeneratedDocument.Pages_Index/<ExecuteAsync>d__11::MoveNext()
DA:4,0
BRDA:4,423,0,0
BRDA:4,423,1,0
LF:1
LH:0
BRF:2
BRH:0
FNF:1
FNH:0
end_of_record
SF:/modernize-data/studio-data/TNT1001/APP2728/transformed-code/868/studio-workspace/ASPNETWebFormsProj0501/src/Films.Web/Pages/_ViewStart.cshtml
FN:1,System.Void AspNetCoreGeneratedDocument.Pages__ViewStart/<ExecuteAsync>d__0::MoveNext()
FNDA:0,System.Void AspNetCoreGeneratedDocument.Pages__ViewStart/<ExecuteAsync>d__0::MoveNext()
DA:2,0
LF:1
LH:0
BRF:0
BRH:0
FNF:1
FNH:0
end_of_record
SF:/modernize-data/studio-data/TNT1001/APP2728/transformed-code/868/studio-workspace/ASPNETWebFormsProj0501/src/Films.Web/Pages/Index.cshtml.cs
FN:14,System.Void Films.Web.Pages.IndexModel::OnGet()
FNDA:0,System.Void Films.Web.Pages.IndexModel::OnGet()
DA:15,0
DA:16,0
DA:17,0
FN:8,System.Void Films.Web.Pages.IndexModel::.ctor(Microsoft.Extensions.Logging.ILogger`1<Films.Web.Pages.IndexModel>)
FNDA:0,System.Void Films.Web.Pages.IndexModel::.ctor(Microsoft.Extensions.Logging.ILogger`1<Films.Web.Pages.IndexModel>)
DA:9,0
DA:10,0
DA:11,0
DA:12,0
LF:7
LH:0
BRF:0
BRH:0
FNF:2
FNH:0
end_of_record
SF:/modernize-data/studio-data/TNT1001/APP2728/transformed-code/868/studio-workspace/ASPNETWebFormsProj0501/src/Films.Web/Pages/Films/Create.cshtml.cs
FN:20,Films.Web.Pages.Films.CreateModel/FilmInputModel Films.Web.Pages.Films.CreateModel::get_Input()
FNDA:0,Films.Web.Pages.Films.CreateModel/FilmInputModel Films.Web.Pages.Films.CreateModel::get_Input()
DA:21,0
FN:40,System.Void Films.Web.Pages.Films.CreateModel::OnGet()
FNDA:0,System.Void Films.Web.Pages.Films.CreateModel::OnGet()
DA:41,0
DA:42,0
FN:13,System.Void Films.Web.Pages.Films.CreateModel::.ctor(Films.Domain.Interfaces.Services.IFilmService,Microsoft.Extensions.Logging.ILogger`1<Films.Web.Pages.Films.CreateModel>)
FNDA:0,System.Void Films.Web.Pages.Films.CreateModel::.ctor(Films.Domain.Interfaces.Services.IFilmService,Microsoft.Extensions.Logging.ILogger`1<Films.Web.Pages.Films.CreateModel>)
DA:14,0
DA:15,0
DA:16,0
DA:17,0
DA:18,0
FN:26,System.String Films.Web.Pages.Films.CreateModel/FilmInputModel::get_Name()
FNDA:0,System.String Films.Web.Pages.Films.CreateModel/FilmInputModel::get_Name()
DA:27,0
FN:29,System.String Films.Web.Pages.Films.CreateModel/FilmInputModel::get_Description()
FNDA:0,System.String Films.Web.Pages.Films.CreateModel/FilmInputModel::get_Description()
DA:30,0
FN:33,System.Int32 Films.Web.Pages.Films.CreateModel/FilmInputModel::get_Year()
FNDA:0,System.Int32 Films.Web.Pages.Films.CreateModel/FilmInputModel::get_Year()
DA:34,0
FN:36,System.String Films.Web.Pages.Films.CreateModel/FilmInputModel::get_Genre()
FNDA:0,System.String Films.Web.Pages.Films.CreateModel/FilmInputModel::get_Genre()
DA:37,0
FN:44,System.Void Films.Web.Pages.Films.CreateModel/<OnPostAsync>d__9::MoveNext()
FNDA:0,System.Void Films.Web.Pages.Films.CreateModel/<OnPostAsync>d__9::MoveNext()
DA:45,0
DA:46,0
DA:47,0
DA:48,0
DA:52,0
DA:53,0
DA:54,0
DA:55,0
DA:56,0
DA:57,0
DA:58,0
DA:59,0
DA:61,0
DA:62,0
DA:64,0
DA:65,0
DA:66,0
DA:67,0
DA:68,0
DA:70,0
BRDA:46,36,0,0
BRDA:46,36,1,0
LF:32
LH:0
BRF:2
BRH:0
FNF:8
FNH:0
end_of_record
SF:/modernize-data/studio-data/TNT1001/APP2728/transformed-code/868/studio-workspace/ASPNETWebFormsProj0501/src/Films.Web/Pages/Films/Delete.cshtml.cs
FN:19,Films.Domain.DTOs.FilmDto Films.Web.Pages.Films.DeleteModel::get_Film()
FNDA:0,Films.Domain.DTOs.FilmDto Films.Web.Pages.Films.DeleteModel::get_Film()
DA:20,0
FN:12,System.Void Films.Web.Pages.Films.DeleteModel::.ctor(Films.Domain.Interfaces.Services.IFilmService,Microsoft.Extensions.Logging.ILogger`1<Films.Web.Pages.Films.DeleteModel>)
FNDA:0,System.Void Films.Web.Pages.Films.DeleteModel::.ctor(Films.Domain.Interfaces.Services.IFilmService,Microsoft.Extensions.Logging.ILogger`1<Films.Web.Pages.Films.DeleteModel>)
DA:13,0
DA:14,0
DA:15,0
DA:16,0
DA:17,0
FN:22,System.Void Films.Web.Pages.Films.DeleteModel/<OnGetAsync>d__7::MoveNext()
FNDA:0,System.Void Films.Web.Pages.Films.DeleteModel/<OnGetAsync>d__7::MoveNext()
DA:23,0
DA:25,0
DA:26,0
DA:27,0
DA:28,0
DA:29,0
DA:31,0
DA:33,0
DA:34,0
DA:35,0
DA:36,0
DA:38,0
BRDA:27,194,0,0
BRDA:27,194,1,0
FN:40,System.Void Films.Web.Pages.Films.DeleteModel/<OnPostAsync>d__8::MoveNext()
FNDA:0,System.Void Films.Web.Pages.Films.DeleteModel/<OnPostAsync>d__8::MoveNext()
DA:41,0
DA:42,0
DA:43,0
DA:44,0
DA:48,0
DA:49,0
DA:50,0
DA:52,0
DA:53,0
DA:54,0
DA:55,0
DA:56,0
DA:58,0
BRDA:42,26,0,0
BRDA:42,26,1,0
BRDA:42,52,0,0
BRDA:42,52,1,0
LF:31
LH:0
BRF:6
BRH:0
FNF:4
FNH:0
end_of_record
SF:/modernize-data/studio-data/TNT1001/APP2728/transformed-code/868/studio-workspace/ASPNETWebFormsProj0501/src/Films.Web/Pages/Films/Details.cshtml.cs
FN:18,Films.Domain.DTOs.FilmDto Films.Web.Pages.Films.DetailsModel::get_Film()
FNDA:0,Films.Domain.DTOs.FilmDto Films.Web.Pages.Films.DetailsModel::get_Film()
DA:19,0
FN:12,System.Void Films.Web.Pages.Films.DetailsModel::.ctor(Films.Domain.Interfaces.Services.IFilmService,Microsoft.Extensions.Logging.ILogger`1<Films.Web.Pages.Films.DetailsModel>)
FNDA:0,System.Void Films.Web.Pages.Films.DetailsModel::.ctor(Films.Domain.Interfaces.Services.IFilmService,Microsoft.Extensions.Logging.ILogger`1<Films.Web.Pages.Films.DetailsModel>)
DA:13,0
DA:14,0
DA:15,0
DA:16,0
DA:17,0
FN:21,System.Void Films.Web.Pages.Films.DetailsModel/<OnGetAsync>d__7::MoveNext()
FNDA:0,System.Void Films.Web.Pages.Films.DetailsModel/<OnGetAsync>d__7::MoveNext()
DA:22,0
DA:24,0
DA:25,0
DA:26,0
DA:27,0
DA:28,0
DA:30,0
DA:32,0
DA:33,0
DA:34,0
DA:35,0
DA:37,0
BRDA:26,194,0,0
BRDA:26,194,1,0
LF:18
LH:0
BRF:2
BRH:0
FNF:3
FNH:0
end_of_record
SF:/modernize-data/studio-data/TNT1001/APP2728/transformed-code/868/studio-workspace/ASPNETWebFormsProj0501/src/Films.Web/Pages/Films/Edit.cshtml.cs
FN:20,Films.Web.Pages.Films.EditModel/FilmEditModel Films.Web.Pages.Films.EditModel::get_Film()
FNDA:0,Films.Web.Pages.Films.EditModel/FilmEditModel Films.Web.Pages.Films.EditModel::get_Film()
DA:21,0
FN:13,System.Void Films.Web.Pages.Films.EditModel::.ctor(Films.Domain.Interfaces.Services.IFilmService,Microsoft.Extensions.Logging.ILogger`1<Films.Web.Pages.Films.EditModel>)
FNDA:0,System.Void Films.Web.Pages.Films.EditModel::.ctor(Films.Domain.Interfaces.Services.IFilmService,Microsoft.Extensions.Logging.ILogger`1<Films.Web.Pages.Films.EditModel>)
DA:14,0
DA:15,0
DA:16,0
DA:17,0
DA:18,0
FN:24,System.Int32 Films.Web.Pages.Films.EditModel/FilmEditModel::get_Id()
FNDA:0,System.Int32 Films.Web.Pages.Films.EditModel/FilmEditModel::get_Id()
DA:25,0
FN:28,System.String Films.Web.Pages.Films.EditModel/FilmEditModel::get_Name()
FNDA:0,System.String Films.Web.Pages.Films.EditModel/FilmEditModel::get_Name()
DA:29,0
FN:31,System.String Films.Web.Pages.Films.EditModel/FilmEditModel::get_Description()
FNDA:0,System.String Films.Web.Pages.Films.EditModel/FilmEditModel::get_Description()
DA:32,0
FN:35,System.Int32 Films.Web.Pages.Films.EditModel/FilmEditModel::get_Year()
FNDA:0,System.Int32 Films.Web.Pages.Films.EditModel/FilmEditModel::get_Year()
DA:36,0
FN:38,System.String Films.Web.Pages.Films.EditModel/FilmEditModel::get_Genre()
FNDA:0,System.String Films.Web.Pages.Films.EditModel/FilmEditModel::get_Genre()
DA:39,0
FN:42,System.Void Films.Web.Pages.Films.EditModel/<OnGetAsync>d__8::MoveNext()
FNDA:0,System.Void Films.Web.Pages.Films.EditModel/<OnGetAsync>d__8::MoveNext()
DA:43,0
DA:45,0
DA:46,0
DA:47,0
DA:48,0
DA:49,0
DA:52,0
DA:53,0
DA:54,0
DA:55,0
DA:56,0
DA:57,0
DA:58,0
DA:59,0
DA:61,0
DA:63,0
DA:64,0
DA:65,0
DA:66,0
DA:68,0
BRDA:47,183,0,0
BRDA:47,183,1,0
FN:70,System.Void Films.Web.Pages.Films.EditModel/<OnPostAsync>d__9::MoveNext()
FNDA:0,System.Void Films.Web.Pages.Films.EditModel/<OnPostAsync>d__9::MoveNext()
DA:71,0
DA:72,0
DA:73,0
DA:74,0
DA:78,0
DA:79,0
DA:80,0
DA:81,0
DA:82,0
DA:83,0
DA:84,0
DA:85,0
DA:87,0
DA:88,0
DA:90,0
DA:91,0
DA:92,0
DA:93,0
DA:94,0
DA:96,0
BRDA:72,36,0,0
BRDA:72,36,1,0
LF:51
LH:0
BRF:4
BRH:0
FNF:9
FNH:0
end_of_record
SF:/modernize-data/studio-data/TNT1001/APP2728/transformed-code/868/studio-workspace/ASPNETWebFormsProj0501/src/Films.Web/Pages/Films/Index.cshtml.cs
FN:17,System.Collections.Generic.IEnumerable`1<Films.Domain.DTOs.FilmDto> Films.Web.Pages.Films.IndexModel::get_Films()
FNDA:0,System.Collections.Generic.IEnumerable`1<Films.Domain.DTOs.FilmDto> Films.Web.Pages.Films.IndexModel::get_Films()
DA:18,0
FN:11,System.Void Films.Web.Pages.Films.IndexModel::.ctor(Films.Domain.Interfaces.Services.IFilmService,Microsoft.Extensions.Logging.ILogger`1<Films.Web.Pages.Films.IndexModel>)
FNDA:0,System.Void Films.Web.Pages.Films.IndexModel::.ctor(Films.Domain.Interfaces.Services.IFilmService,Microsoft.Extensions.Logging.ILogger`1<Films.Web.Pages.Films.IndexModel>)
DA:12,0
DA:13,0
DA:14,0
DA:15,0
DA:16,0
FN:20,System.Void Films.Web.Pages.Films.IndexModel/<OnGetAsync>d__7::MoveNext()
FNDA:0,System.Void Films.Web.Pages.Films.IndexModel/<OnGetAsync>d__7::MoveNext()
DA:21,0
DA:23,0
DA:24,0
DA:25,0
DA:26,0
DA:27,0
DA:28,0
DA:29,0
DA:30,0
DA:31,0
LF:16
LH:0
BRF:0
BRH:0
FNF:3
FNH:0
end_of_record
SF:/modernize-data/studio-data/TNT1001/APP2728/transformed-code/868/studio-workspace/ASPNETWebFormsProj0501/src/Films.Web/Pages/Directors/Index.cshtml.cs
FN:14,System.Void Films.Web.Pages.Directors.IndexModel::OnGet()
FNDA:0,System.Void Films.Web.Pages.Directors.IndexModel::OnGet()
DA:15,0
DA:16,0
DA:17,0
FN:8,System.Void Films.Web.Pages.Directors.IndexModel::.ctor(Microsoft.Extensions.Logging.ILogger`1<Films.Web.Pages.Directors.IndexModel>)
FNDA:0,System.Void Films.Web.Pages.Directors.IndexModel::.ctor(Microsoft.Extensions.Logging.ILogger`1<Films.Web.Pages.Directors.IndexModel>)
DA:9,0
DA:10,0
DA:11,0
DA:12,0
LF:7
LH:0
BRF:0
BRH:0
FNF:2
FNH:0
end_of_record
SF:/modernize-data/studio-data/TNT1001/APP2728/transformed-code/868/studio-workspace/ASPNETWebFormsProj0501/src/Films.Web/Pages/Actors/Index.cshtml.cs
FN:14,System.Void Films.Web.Pages.Actors.IndexModel::OnGet()
FNDA:0,System.Void Films.Web.Pages.Actors.IndexModel::OnGet()
DA:15,0
DA:16,0
DA:17,0
FN:8,System.Void Films.Web.Pages.Actors.IndexModel::.ctor(Microsoft.Extensions.Logging.ILogger`1<Films.Web.Pages.Actors.IndexModel>)
FNDA:0,System.Void Films.Web.Pages.Actors.IndexModel::.ctor(Microsoft.Extensions.Logging.ILogger`1<Films.Web.Pages.Actors.IndexModel>)
DA:9,0
DA:10,0
DA:11,0
DA:12,0
LF:7
LH:0
BRF:0
BRH:0
FNF:2
FNH:0
end_of_record
SF:/modernize-data/studio-data/TNT1001/APP2728/transformed-code/868/studio-workspace/ASPNETWebFormsProj0501/src/Films.Application/Services/FilmService.cs
FN:18,System.Void Films.Application.Services.FilmService::.ctor(Films.Domain.Interfaces.Repositories.IFilmRepository,AutoMapper.IMapper,Microsoft.Extensions.Logging.ILogger`1<Films.Application.Services.FilmService>)
FNDA:0,System.Void Films.Application.Services.FilmService::.ctor(Films.Domain.Interfaces.Repositories.IFilmRepository,AutoMapper.IMapper,Microsoft.Extensions.Logging.ILogger`1<Films.Application.Services.FilmService>)
DA:19,0
DA:20,0
DA:21,0
DA:22,0
DA:23,0
DA:24,0
BRDA:21,11,0,0
BRDA:21,11,1,0
BRDA:22,33,0,0
BRDA:22,33,1,0
BRDA:23,55,0,0
BRDA:23,55,1,0
FN:56,System.Void Films.Application.Services.FilmService/<CreateAsync>d__6::MoveNext()
FNDA:0,System.Void Films.Application.Services.FilmService/<CreateAsync>d__6::MoveNext()
DA:57,0
DA:59,0
DA:60,0
DA:61,0
DA:62,0
DA:63,0
DA:64,0
DA:66,0
DA:67,0
DA:69,0
DA:70,0
DA:71,0
DA:72,0
DA:74,0
FN:100,System.Void Films.Application.Services.FilmService/<DeleteAsync>d__8::MoveNext()
FNDA:0,System.Void Films.Application.Services.FilmService/<DeleteAsync>d__8::MoveNext()
DA:101,0
DA:103,0
DA:104,0
DA:105,0
DA:106,0
DA:107,0
DA:108,0
DA:109,0
DA:110,0
DA:112,0
FN:26,System.Void Films.Application.Services.FilmService/<GetAllAsync>d__4::MoveNext()
FNDA:0,System.Void Films.Application.Services.FilmService/<GetAllAsync>d__4::MoveNext()
DA:27,0
DA:29,0
DA:30,0
DA:31,0
DA:32,0
DA:34,0
DA:35,0
DA:36,0
DA:37,0
DA:39,0
FN:41,System.Void Films.Application.Services.FilmService/<GetByIdAsync>d__5::MoveNext()
FNDA:0,System.Void Films.Application.Services.FilmService/<GetByIdAsync>d__5::MoveNext()
DA:42,0
DA:44,0
DA:45,0
DA:46,0
DA:47,0
DA:49,0
DA:50,0
DA:51,0
DA:52,0
DA:54,0
BRDA:47,214,0,0
BRDA:47,214,1,0
FN:114,System.Void Films.Application.Services.FilmService/<SearchAsync>d__9::MoveNext()
FNDA:0,System.Void Films.Application.Services.FilmService/<SearchAsync>d__9::MoveNext()
DA:115,0
DA:117,0
DA:118,0
DA:119,0
DA:120,0
DA:122,0
DA:123,0
DA:124,0
DA:125,0
DA:127,0
FN:76,System.Void Films.Application.Services.FilmService/<UpdateAsync>d__7::MoveNext()
FNDA:0,System.Void Films.Application.Services.FilmService/<UpdateAsync>d__7::MoveNext()
DA:77,0
DA:79,0
DA:80,0
DA:81,0
DA:82,0
DA:83,0
DA:84,0
DA:87,0
DA:88,0
DA:89,0
DA:91,0
DA:92,0
DA:93,0
DA:94,0
DA:95,0
DA:96,0
DA:98,0
BRDA:82,234,0,0
BRDA:82,234,1,0
LF:77
LH:0
BRF:10
BRH:0
FNF:7
FNH:0
end_of_record
SF:/modernize-data/studio-data/TNT1001/APP2728/transformed-code/868/studio-workspace/ASPNETWebFormsProj0501/src/Films.Application/Mappings/MappingProfile.cs
FN:11,System.Void Films.Application.Mappings.MappingProfile::.ctor()
FNDA:0,System.Void Films.Application.Mappings.MappingProfile::.ctor()
DA:12,0
DA:13,0
DA:15,0
DA:16,0
DA:17,0
DA:20,0
DA:21,0
DA:22,0
DA:23,0
DA:26,0
DA:27,0
DA:28,0
DA:29,0
DA:32,0
DA:33,0
DA:34,0
DA:35,0
DA:36,0
DA:37,0
LF:19
LH:0
BRF:0
BRH:0
FNF:1
FNH:0
end_of_record
SF:/modernize-data/studio-data/TNT1001/APP2728/transformed-code/868/studio-workspace/ASPNETWebFormsProj0501/src/Films.Application/Extensions/ServiceCollectionExtensions.cs
FN:12,Microsoft.Extensions.DependencyInjection.IServiceCollection Films.Application.Extensions.ServiceCollectionExtensions::AddApplicationServices(Microsoft.Extensions.DependencyInjection.IServiceCollection)
FNDA:0,Microsoft.Extensions.DependencyInjection.IServiceCollection Films.Application.Extensions.ServiceCollectionExtensions::AddApplicationServices(Microsoft.Extensions.DependencyInjection.IServiceCollection)
DA:13,0
DA:14,0
DA:15,0
DA:17,0
DA:18,0
LF:5
LH:0
BRF:0
BRH:0
FNF:1
FNH:0
end_of_record
SF:/modernize-data/studio-data/TNT1001/APP2728/transformed-code/868/studio-workspace/ASPNETWebFormsProj0501/src/Films.Application/DTOs/ActorDto.cs
FN:7,System.Int32 Films.Application.DTOs.ActorDto::get_Id()
FNDA:0,System.Int32 Films.Application.DTOs.ActorDto::get_Id()
DA:8,0
FN:8,System.String Films.Application.DTOs.ActorDto::get_Name()
FNDA:0,System.String Films.Application.DTOs.ActorDto::get_Name()
DA:9,0
FN:9,System.String Films.Application.DTOs.ActorDto::get_Description()
FNDA:0,System.String Films.Application.DTOs.ActorDto::get_Description()
DA:10,0
FN:10,System.Nullable`1<System.Int32> Films.Application.DTOs.ActorDto::get_SexId()
FNDA:0,System.Nullable`1<System.Int32> Films.Application.DTOs.ActorDto::get_SexId()
DA:11,0
FN:11,System.String Films.Application.DTOs.ActorDto::get_SexName()
FNDA:0,System.String Films.Application.DTOs.ActorDto::get_SexName()
DA:12,0
FN:12,System.Nullable`1<System.DateTime> Films.Application.DTOs.ActorDto::get_BirthDate()
FNDA:0,System.Nullable`1<System.DateTime> Films.Application.DTOs.ActorDto::get_BirthDate()
DA:13,0
FN:13,System.DateTime Films.Application.DTOs.ActorDto::get_CreatedDate()
FNDA:0,System.DateTime Films.Application.DTOs.ActorDto::get_CreatedDate()
DA:14,0
FN:14,System.Nullable`1<System.DateTime> Films.Application.DTOs.ActorDto::get_ModifiedDate()
FNDA:0,System.Nullable`1<System.DateTime> Films.Application.DTOs.ActorDto::get_ModifiedDate()
DA:15,0
FN:15,System.Boolean Films.Application.DTOs.ActorDto::get_IsActive()
FNDA:0,System.Boolean Films.Application.DTOs.ActorDto::get_IsActive()
DA:16,0
FN:23,System.String Films.Application.DTOs.ActorCreateDto::get_Name()
FNDA:0,System.String Films.Application.DTOs.ActorCreateDto::get_Name()
DA:24,0
FN:24,System.String Films.Application.DTOs.ActorCreateDto::get_Description()
FNDA:0,System.String Films.Application.DTOs.ActorCreateDto::get_Description()
DA:25,0
FN:25,System.Nullable`1<System.Int32> Films.Application.DTOs.ActorCreateDto::get_SexId()
FNDA:0,System.Nullable`1<System.Int32> Films.Application.DTOs.ActorCreateDto::get_SexId()
DA:26,0
FN:26,System.Nullable`1<System.DateTime> Films.Application.DTOs.ActorCreateDto::get_BirthDate()
FNDA:0,System.Nullable`1<System.DateTime> Films.Application.DTOs.ActorCreateDto::get_BirthDate()
DA:27,0
FN:34,System.String Films.Application.DTOs.ActorUpdateDto::get_Name()
FNDA:0,System.String Films.Application.DTOs.ActorUpdateDto::get_Name()
DA:35,0
FN:35,System.String Films.Application.DTOs.ActorUpdateDto::get_Description()
FNDA:0,System.String Films.Application.DTOs.ActorUpdateDto::get_Description()
DA:36,0
FN:36,System.Nullable`1<System.Int32> Films.Application.DTOs.ActorUpdateDto::get_SexId()
FNDA:0,System.Nullable`1<System.Int32> Films.Application.DTOs.ActorUpdateDto::get_SexId()
DA:37,0
FN:37,System.Nullable`1<System.DateTime> Films.Application.DTOs.ActorUpdateDto::get_BirthDate()
FNDA:0,System.Nullable`1<System.DateTime> Films.Application.DTOs.ActorUpdateDto::get_BirthDate()
DA:38,0
LF:17
LH:0
BRF:0
BRH:0
FNF:17
FNH:0
end_of_record
SF:/modernize-data/studio-data/TNT1001/APP2728/transformed-code/868/studio-workspace/ASPNETWebFormsProj0501/src/Films.Application/DTOs/DirectorDto.cs
FN:7,System.Int32 Films.Application.DTOs.DirectorDto::get_Id()
FNDA:0,System.Int32 Films.Application.DTOs.DirectorDto::get_Id()
DA:8,0
FN:8,System.String Films.Application.DTOs.DirectorDto::get_Name()
FNDA:0,System.String Films.Application.DTOs.DirectorDto::get_Name()
DA:9,0
FN:9,System.String Films.Application.DTOs.DirectorDto::get_Description()
FNDA:0,System.String Films.Application.DTOs.DirectorDto::get_Description()
DA:10,0
FN:10,System.Nullable`1<System.Int32> Films.Application.DTOs.DirectorDto::get_SexId()
FNDA:0,System.Nullable`1<System.Int32> Films.Application.DTOs.DirectorDto::get_SexId()
DA:11,0
FN:11,System.String Films.Application.DTOs.DirectorDto::get_SexName()
FNDA:0,System.String Films.Application.DTOs.DirectorDto::get_SexName()
DA:12,0
FN:12,System.Nullable`1<System.DateTime> Films.Application.DTOs.DirectorDto::get_BirthDate()
FNDA:0,System.Nullable`1<System.DateTime> Films.Application.DTOs.DirectorDto::get_BirthDate()
DA:13,0
FN:13,System.DateTime Films.Application.DTOs.DirectorDto::get_CreatedDate()
FNDA:0,System.DateTime Films.Application.DTOs.DirectorDto::get_CreatedDate()
DA:14,0
FN:14,System.Nullable`1<System.DateTime> Films.Application.DTOs.DirectorDto::get_ModifiedDate()
FNDA:0,System.Nullable`1<System.DateTime> Films.Application.DTOs.DirectorDto::get_ModifiedDate()
DA:15,0
FN:15,System.Boolean Films.Application.DTOs.DirectorDto::get_IsActive()
FNDA:0,System.Boolean Films.Application.DTOs.DirectorDto::get_IsActive()
DA:16,0
FN:23,System.String Films.Application.DTOs.DirectorCreateDto::get_Name()
FNDA:0,System.String Films.Application.DTOs.DirectorCreateDto::get_Name()
DA:24,0
FN:24,System.String Films.Application.DTOs.DirectorCreateDto::get_Description()
FNDA:0,System.String Films.Application.DTOs.DirectorCreateDto::get_Description()
DA:25,0
FN:25,System.Nullable`1<System.Int32> Films.Application.DTOs.DirectorCreateDto::get_SexId()
FNDA:0,System.Nullable`1<System.Int32> Films.Application.DTOs.DirectorCreateDto::get_SexId()
DA:26,0
FN:26,System.Nullable`1<System.DateTime> Films.Application.DTOs.DirectorCreateDto::get_BirthDate()
FNDA:0,System.Nullable`1<System.DateTime> Films.Application.DTOs.DirectorCreateDto::get_BirthDate()
DA:27,0
FN:34,System.String Films.Application.DTOs.DirectorUpdateDto::get_Name()
FNDA:0,System.String Films.Application.DTOs.DirectorUpdateDto::get_Name()
DA:35,0
FN:35,System.String Films.Application.DTOs.DirectorUpdateDto::get_Description()
FNDA:0,System.String Films.Application.DTOs.DirectorUpdateDto::get_Description()
DA:36,0
FN:36,System.Nullable`1<System.Int32> Films.Application.DTOs.DirectorUpdateDto::get_SexId()
FNDA:0,System.Nullable`1<System.Int32> Films.Application.DTOs.DirectorUpdateDto::get_SexId()
DA:37,0
FN:37,System.Nullable`1<System.DateTime> Films.Application.DTOs.DirectorUpdateDto::get_BirthDate()
FNDA:0,System.Nullable`1<System.DateTime> Films.Application.DTOs.DirectorUpdateDto::get_BirthDate()
DA:38,0
LF:17
LH:0
BRF:0
BRH:0
FNF:17
FNH:0
end_of_record
SF:/modernize-data/studio-data/TNT1001/APP2728/transformed-code/868/studio-workspace/ASPNETWebFormsProj0501/src/Films.Application/DTOs/FilmDto.cs
FN:7,System.Int32 Films.Application.DTOs.FilmDto::get_Id()
FNDA:0,System.Int32 Films.Application.DTOs.FilmDto::get_Id()
DA:8,0
FN:8,System.String Films.Application.DTOs.FilmDto::get_Name()
FNDA:0,System.String Films.Application.DTOs.FilmDto::get_Name()
DA:9,0
FN:9,System.String Films.Application.DTOs.FilmDto::get_Description()
FNDA:0,System.String Films.Application.DTOs.FilmDto::get_Description()
DA:10,0
FN:10,System.Int32 Films.Application.DTOs.FilmDto::get_Year()
FNDA:0,System.Int32 Films.Application.DTOs.FilmDto::get_Year()
DA:11,0
FN:11,System.String Films.Application.DTOs.FilmDto::get_Genre()
FNDA:0,System.String Films.Application.DTOs.FilmDto::get_Genre()
DA:12,0
FN:12,System.DateTime Films.Application.DTOs.FilmDto::get_CreatedDate()
FNDA:0,System.DateTime Films.Application.DTOs.FilmDto::get_CreatedDate()
DA:13,0
FN:13,System.Nullable`1<System.DateTime> Films.Application.DTOs.FilmDto::get_ModifiedDate()
FNDA:0,System.Nullable`1<System.DateTime> Films.Application.DTOs.FilmDto::get_ModifiedDate()
DA:14,0
FN:14,System.Boolean Films.Application.DTOs.FilmDto::get_IsActive()
FNDA:0,System.Boolean Films.Application.DTOs.FilmDto::get_IsActive()
DA:15,0
FN:22,System.String Films.Application.DTOs.FilmCreateDto::get_Name()
FNDA:0,System.String Films.Application.DTOs.FilmCreateDto::get_Name()
DA:23,0
FN:23,System.String Films.Application.DTOs.FilmCreateDto::get_Description()
FNDA:0,System.String Films.Application.DTOs.FilmCreateDto::get_Description()
DA:24,0
FN:24,System.Int32 Films.Application.DTOs.FilmCreateDto::get_Year()
FNDA:0,System.Int32 Films.Application.DTOs.FilmCreateDto::get_Year()
DA:25,0
FN:25,System.String Films.Application.DTOs.FilmCreateDto::get_Genre()
FNDA:0,System.String Films.Application.DTOs.FilmCreateDto::get_Genre()
DA:26,0
FN:33,System.String Films.Application.DTOs.FilmUpdateDto::get_Name()
FNDA:0,System.String Films.Application.DTOs.FilmUpdateDto::get_Name()
DA:34,0
FN:34,System.String Films.Application.DTOs.FilmUpdateDto::get_Description()
FNDA:0,System.String Films.Application.DTOs.FilmUpdateDto::get_Description()
DA:35,0
FN:35,System.Int32 Films.Application.DTOs.FilmUpdateDto::get_Year()
FNDA:0,System.Int32 Films.Application.DTOs.FilmUpdateDto::get_Year()
DA:36,0
FN:36,System.String Films.Application.DTOs.FilmUpdateDto::get_Genre()
FNDA:0,System.String Films.Application.DTOs.FilmUpdateDto::get_Genre()
DA:37,0
LF:16
LH:0
BRF:0
BRH:0
FNF:16
FNH:0
end_of_record
SF:/modernize-data/studio-data/TNT1001/APP2728/transformed-code/868/studio-workspace/ASPNETWebFormsProj0501/src/Films.Application/DTOs/UserDto.cs
FN:7,System.Int32 Films.Application.DTOs.UserDto::get_Id()
FNDA:0,System.Int32 Films.Application.DTOs.UserDto::get_Id()
DA:8,0
FN:8,System.String Films.Application.DTOs.UserDto::get_Username()
FNDA:0,System.String Films.Application.DTOs.UserDto::get_Username()
DA:9,0
FN:9,System.String Films.Application.DTOs.UserDto::get_FirstName()
FNDA:0,System.String Films.Application.DTOs.UserDto::get_FirstName()
DA:10,0
FN:10,System.String Films.Application.DTOs.UserDto::get_LastName()
FNDA:0,System.String Films.Application.DTOs.UserDto::get_LastName()
DA:11,0
FN:11,System.Nullable`1<System.Int32> Films.Application.DTOs.UserDto::get_SexId()
FNDA:0,System.Nullable`1<System.Int32> Films.Application.DTOs.UserDto::get_SexId()
DA:12,0
FN:12,System.String Films.Application.DTOs.UserDto::get_SexName()
FNDA:0,System.String Films.Application.DTOs.UserDto::get_SexName()
DA:13,0
FN:13,System.Nullable`1<System.DateTime> Films.Application.DTOs.UserDto::get_BirthDate()
FNDA:0,System.Nullable`1<System.DateTime> Films.Application.DTOs.UserDto::get_BirthDate()
DA:14,0
FN:14,System.String Films.Application.DTOs.UserDto::get_PhoneNumber()
FNDA:0,System.String Films.Application.DTOs.UserDto::get_PhoneNumber()
DA:15,0
FN:15,System.Nullable`1<System.Int32> Films.Application.DTOs.UserDto::get_TypeUserId()
FNDA:0,System.Nullable`1<System.Int32> Films.Application.DTOs.UserDto::get_TypeUserId()
DA:16,0
FN:16,System.String Films.Application.DTOs.UserDto::get_TypeUserName()
FNDA:0,System.String Films.Application.DTOs.UserDto::get_TypeUserName()
DA:17,0
FN:17,System.DateTime Films.Application.DTOs.UserDto::get_CreatedDate()
FNDA:0,System.DateTime Films.Application.DTOs.UserDto::get_CreatedDate()
DA:18,0
FN:18,System.Nullable`1<System.DateTime> Films.Application.DTOs.UserDto::get_ModifiedDate()
FNDA:0,System.Nullable`1<System.DateTime> Films.Application.DTOs.UserDto::get_ModifiedDate()
DA:19,0
FN:19,System.Boolean Films.Application.DTOs.UserDto::get_IsActive()
FNDA:0,System.Boolean Films.Application.DTOs.UserDto::get_IsActive()
DA:20,0
FN:27,System.String Films.Application.DTOs.UserCreateDto::get_Username()
FNDA:0,System.String Films.Application.DTOs.UserCreateDto::get_Username()
DA:28,0
FN:28,System.String Films.Application.DTOs.UserCreateDto::get_Password()
FNDA:0,System.String Films.Application.DTOs.UserCreateDto::get_Password()
DA:29,0
FN:29,System.String Films.Application.DTOs.UserCreateDto::get_SecretQuestion()
FNDA:0,System.String Films.Application.DTOs.UserCreateDto::get_SecretQuestion()
DA:30,0
FN:30,System.String Films.Application.DTOs.UserCreateDto::get_SecretAnswer()
FNDA:0,System.String Films.Application.DTOs.UserCreateDto::get_SecretAnswer()
DA:31,0
FN:31,System.String Films.Application.DTOs.UserCreateDto::get_FirstName()
FNDA:0,System.String Films.Application.DTOs.UserCreateDto::get_FirstName()
DA:32,0
FN:32,System.String Films.Application.DTOs.UserCreateDto::get_LastName()
FNDA:0,System.String Films.Application.DTOs.UserCreateDto::get_LastName()
DA:33,0
FN:33,System.Nullable`1<System.Int32> Films.Application.DTOs.UserCreateDto::get_SexId()
FNDA:0,System.Nullable`1<System.Int32> Films.Application.DTOs.UserCreateDto::get_SexId()
DA:34,0
FN:34,System.Nullable`1<System.DateTime> Films.Application.DTOs.UserCreateDto::get_BirthDate()
FNDA:0,System.Nullable`1<System.DateTime> Films.Application.DTOs.UserCreateDto::get_BirthDate()
DA:35,0
FN:35,System.String Films.Application.DTOs.UserCreateDto::get_PhoneNumber()
FNDA:0,System.String Films.Application.DTOs.UserCreateDto::get_PhoneNumber()
DA:36,0
FN:43,System.String Films.Application.DTOs.UserUpdateDto::get_FirstName()
FNDA:0,System.String Films.Application.DTOs.UserUpdateDto::get_FirstName()
DA:44,0
FN:44,System.String Films.Application.DTOs.UserUpdateDto::get_LastName()
FNDA:0,System.String Films.Application.DTOs.UserUpdateDto::get_LastName()
DA:45,0
FN:45,System.Nullable`1<System.Int32> Films.Application.DTOs.UserUpdateDto::get_SexId()
FNDA:0,System.Nullable`1<System.Int32> Films.Application.DTOs.UserUpdateDto::get_SexId()
DA:46,0
FN:46,System.Nullable`1<System.DateTime> Films.Application.DTOs.UserUpdateDto::get_BirthDate()
FNDA:0,System.Nullable`1<System.DateTime> Films.Application.DTOs.UserUpdateDto::get_BirthDate()
DA:47,0
FN:47,System.String Films.Application.DTOs.UserUpdateDto::get_PhoneNumber()
FNDA:0,System.String Films.Application.DTOs.UserUpdateDto::get_PhoneNumber()
DA:48,0
LF:27
LH:0
BRF:0
BRH:0
FNF:27
FNH:0
end_of_record